mode: set
github.com/marvelalexius/jones/main.go:10.13,11.38 1 0
github.com/marvelalexius/jones/main.go:11.38,14.3 2 0
github.com/marvelalexius/jones/config/config.go:38.27,54.2 12 0
github.com/marvelalexius/jones/config/config.go:56.27,69.2 9 0
github.com/marvelalexius/jones/config/config.go:71.50,74.16 3 0
github.com/marvelalexius/jones/config/config.go:74.16,78.3 2 0
github.com/marvelalexius/jones/config/config.go:80.2,80.16 1 0
github.com/marvelalexius/jones/config/config.go:83.45,85.16 2 0
github.com/marvelalexius/jones/config/config.go:85.16,89.3 2 0
github.com/marvelalexius/jones/config/config.go:91.2,91.37 1 0
github.com/marvelalexius/jones/config/config.go:91.37,93.3 1 0
github.com/marvelalexius/jones/pkg/stripe/stripe.go:26.73,33.2 3 0
github.com/marvelalexius/jones/pkg/stripe/stripe.go:35.113,42.16 3 0
github.com/marvelalexius/jones/pkg/stripe/stripe.go:42.16,46.3 2 0
github.com/marvelalexius/jones/pkg/stripe/stripe.go:48.2,48.20 1 0
github.com/marvelalexius/jones/pkg/stripe/stripe.go:51.134,66.16 3 0
github.com/marvelalexius/jones/pkg/stripe/stripe.go:66.16,70.3 2 0
github.com/marvelalexius/jones/pkg/stripe/stripe.go:72.2,72.21 1 0
github.com/marvelalexius/jones/pkg/stripe/stripe.go:75.129,81.16 3 0
github.com/marvelalexius/jones/pkg/stripe/stripe.go:81.16,85.3 2 0
github.com/marvelalexius/jones/pkg/stripe/stripe.go:87.2,87.21 1 0
github.com/marvelalexius/jones/http/middleware/cors.go:9.29,10.32 1 0
github.com/marvelalexius/jones/http/middleware/cors.go:10.32,19.38 8 0
github.com/marvelalexius/jones/http/middleware/cors.go:19.38,22.4 2 0
github.com/marvelalexius/jones/http/middleware/cors.go:22.9,24.4 1 0
github.com/marvelalexius/jones/http/middleware/jwt_middleware.go:15.51,21.23 3 0
github.com/marvelalexius/jones/http/middleware/jwt_middleware.go:21.23,23.3 1 0
github.com/marvelalexius/jones/http/middleware/jwt_middleware.go:25.2,25.47 1 0
github.com/marvelalexius/jones/http/middleware/jwt_middleware.go:25.47,27.3 1 0
github.com/marvelalexius/jones/http/middleware/jwt_middleware.go:29.2,29.23 1 0
github.com/marvelalexius/jones/http/middleware/jwt_middleware.go:29.23,31.3 1 0
github.com/marvelalexius/jones/http/middleware/jwt_middleware.go:33.2,33.25 1 0
github.com/marvelalexius/jones/http/middleware/jwt_middleware.go:36.60,37.32 1 0
github.com/marvelalexius/jones/http/middleware/jwt_middleware.go:37.32,39.17 2 0
github.com/marvelalexius/jones/http/middleware/jwt_middleware.go:39.17,47.4 4 0
github.com/marvelalexius/jones/http/middleware/jwt_middleware.go:49.3,50.17 2 0
github.com/marvelalexius/jones/http/middleware/jwt_middleware.go:50.17,58.4 4 0
github.com/marvelalexius/jones/http/middleware/jwt_middleware.go:60.3,61.13 2 0
github.com/marvelalexius/jones/cmd/http_server.go:24.54,26.13 2 0
github.com/marvelalexius/jones/cmd/http_server.go:26.13,28.4 1 0
github.com/marvelalexius/jones/cmd/http_server.go:30.3,33.10 3 0
github.com/marvelalexius/jones/cmd/http_server.go:34.15,36.14 2 0
github.com/marvelalexius/jones/cmd/http_server.go:37.23,38.52 1 0
github.com/marvelalexius/jones/cmd/http_server.go:43.23,48.16 3 0
github.com/marvelalexius/jones/cmd/http_server.go:48.16,50.3 1 0
github.com/marvelalexius/jones/cmd/http_server.go:51.2,73.27 17 0
github.com/marvelalexius/jones/cmd/migrate.go:20.13,24.2 3 0
github.com/marvelalexius/jones/cmd/migrate.go:26.49,31.16 4 0
github.com/marvelalexius/jones/cmd/migrate.go:31.16,33.3 1 0
github.com/marvelalexius/jones/cmd/migrate.go:35.2,39.19 4 0
github.com/marvelalexius/jones/cmd/migrate.go:39.19,41.17 2 0
github.com/marvelalexius/jones/cmd/migrate.go:41.17,43.4 1 0
github.com/marvelalexius/jones/cmd/migrate.go:45.3,46.9 2 0
github.com/marvelalexius/jones/cmd/migrate.go:49.2,49.21 1 0
github.com/marvelalexius/jones/cmd/migrate.go:49.21,50.20 1 0
github.com/marvelalexius/jones/cmd/migrate.go:51.15,53.18 2 0
github.com/marvelalexius/jones/cmd/migrate.go:53.18,55.5 1 0
github.com/marvelalexius/jones/cmd/migrate.go:56.11,58.18 2 0
github.com/marvelalexius/jones/cmd/migrate.go:58.18,60.5 1 0
github.com/marvelalexius/jones/cmd/migrate.go:63.3,65.47 2 0
github.com/marvelalexius/jones/cmd/migrate.go:69.41,71.16 2 0
github.com/marvelalexius/jones/cmd/migrate.go:71.16,73.3 1 0
github.com/marvelalexius/jones/cmd/migrate.go:75.2,77.30 2 0
github.com/marvelalexius/jones/cmd/migrate.go:77.30,78.18 1 0
github.com/marvelalexius/jones/cmd/migrate.go:78.18,80.12 2 0
github.com/marvelalexius/jones/cmd/migrate.go:84.2,84.21 1 0
github.com/marvelalexius/jones/cmd/root.go:15.47,17.3 1 0
github.com/marvelalexius/jones/cmd/root.go:20.13,24.40 2 0
github.com/marvelalexius/jones/cmd/root.go:24.40,25.44 1 0
github.com/marvelalexius/jones/cmd/root.go:25.44,27.4 1 0
github.com/marvelalexius/jones/cmd/root.go:27.9,29.4 1 0
github.com/marvelalexius/jones/cmd/root.go:33.22,35.2 1 0
github.com/marvelalexius/jones/cmd/seeder.go:24.13,26.2 1 0
github.com/marvelalexius/jones/cmd/seeder.go:28.48,32.16 3 0
github.com/marvelalexius/jones/cmd/seeder.go:32.16,34.3 1 0
github.com/marvelalexius/jones/cmd/seeder.go:35.2,42.27 5 0
github.com/marvelalexius/jones/cmd/seeder.go:45.33,46.16 1 0
github.com/marvelalexius/jones/cmd/seeder.go:46.16,48.3 1 0
github.com/marvelalexius/jones/cmd/seeder.go:51.86,55.16 3 0
github.com/marvelalexius/jones/cmd/seeder.go:55.16,57.3 1 0
github.com/marvelalexius/jones/cmd/seeder.go:59.2,62.16 3 0
github.com/marvelalexius/jones/cmd/seeder.go:62.16,64.3 1 0
github.com/marvelalexius/jones/cmd/seeder.go:66.2,67.16 2 0
github.com/marvelalexius/jones/cmd/seeder.go:67.16,69.3 1 0
github.com/marvelalexius/jones/cmd/seeder.go:71.2,71.12 1 0
github.com/marvelalexius/jones/model/notification.go:28.64,33.2 1 0
github.com/marvelalexius/jones/model/reaction.go:34.54,41.2 1 0
github.com/marvelalexius/jones/model/user.go:79.53,82.2 2 0
github.com/marvelalexius/jones/model/user.go:84.52,86.16 2 0
github.com/marvelalexius/jones/model/user.go:86.16,88.3 1 0
github.com/marvelalexius/jones/model/user.go:90.2,92.12 2 0
github.com/marvelalexius/jones/model/user.go:95.53,97.31 2 0
github.com/marvelalexius/jones/model/user.go:97.31,104.3 1 0
github.com/marvelalexius/jones/model/user.go:107.45,109.16 2 0
github.com/marvelalexius/jones/model/user.go:109.16,111.3 1 0
github.com/marvelalexius/jones/model/user.go:113.2,124.3 2 0
github.com/marvelalexius/jones/model/user.go:127.44,132.43 3 0
github.com/marvelalexius/jones/model/user.go:132.43,134.3 1 0
github.com/marvelalexius/jones/model/user.go:136.2,136.12 1 0
github.com/marvelalexius/jones/repository/notification.go:18.69,20.2 1 0
github.com/marvelalexius/jones/repository/notification.go:22.73,24.2 1 0
github.com/marvelalexius/jones/repository/reaction.go:29.61,31.2 1 0
github.com/marvelalexius/jones/repository/reaction.go:33.117,35.16 2 0
github.com/marvelalexius/jones/repository/reaction.go:35.16,39.3 2 0
github.com/marvelalexius/jones/repository/reaction.go:41.2,41.23 1 0
github.com/marvelalexius/jones/repository/reaction.go:44.129,46.49 2 0
github.com/marvelalexius/jones/repository/reaction.go:46.49,50.3 2 0
github.com/marvelalexius/jones/repository/reaction.go:52.2,52.23 1 0
github.com/marvelalexius/jones/repository/reaction.go:55.116,57.49 2 0
github.com/marvelalexius/jones/repository/reaction.go:57.49,61.3 2 0
github.com/marvelalexius/jones/repository/reaction.go:63.2,63.23 1 0
github.com/marvelalexius/jones/repository/reaction.go:66.129,68.49 2 0
github.com/marvelalexius/jones/repository/reaction.go:68.49,72.3 2 0
github.com/marvelalexius/jones/repository/reaction.go:74.2,74.23 1 0
github.com/marvelalexius/jones/repository/reaction.go:77.96,83.16 5 0
github.com/marvelalexius/jones/repository/reaction.go:83.16,87.3 2 0
github.com/marvelalexius/jones/repository/reaction.go:89.2,89.19 1 0
github.com/marvelalexius/jones/repository/reaction.go:92.89,94.2 1 0
github.com/marvelalexius/jones/repository/reaction.go:96.90,98.2 1 0
github.com/marvelalexius/jones/repository/subscription.go:34.69,36.2 1 0
github.com/marvelalexius/jones/repository/subscription.go:38.101,40.2 1 0
github.com/marvelalexius/jones/repository/subscription.go:42.102,44.2 1 0
github.com/marvelalexius/jones/repository/subscription.go:46.104,49.60 2 0
github.com/marvelalexius/jones/repository/subscription.go:49.60,51.3 1 0
github.com/marvelalexius/jones/repository/subscription.go:53.2,53.27 1 0
github.com/marvelalexius/jones/repository/subscription.go:56.101,59.60 2 0
github.com/marvelalexius/jones/repository/subscription.go:59.60,61.3 1 0
github.com/marvelalexius/jones/repository/subscription.go:63.2,63.31 1 0
github.com/marvelalexius/jones/repository/subscription.go:66.119,69.95 2 0
github.com/marvelalexius/jones/repository/subscription.go:69.95,71.3 1 0
github.com/marvelalexius/jones/repository/subscription.go:73.2,73.31 1 0
github.com/marvelalexius/jones/repository/subscription.go:76.109,79.80 2 0
github.com/marvelalexius/jones/repository/subscription.go:79.80,81.3 1 0
github.com/marvelalexius/jones/repository/subscription.go:83.2,83.31 1 0
github.com/marvelalexius/jones/repository/subscription.go:86.93,89.56 2 0
github.com/marvelalexius/jones/repository/subscription.go:89.56,91.3 1 0
github.com/marvelalexius/jones/repository/subscription.go:93.2,93.27 1 0
github.com/marvelalexius/jones/repository/subscription.go:96.112,99.169 2 0
github.com/marvelalexius/jones/repository/subscription.go:99.169,101.3 1 0
github.com/marvelalexius/jones/repository/subscription.go:103.2,103.27 1 0
github.com/marvelalexius/jones/repository/subscription.go:106.122,109.96 2 0
github.com/marvelalexius/jones/repository/subscription.go:109.96,111.3 1 0
github.com/marvelalexius/jones/repository/subscription.go:113.2,113.27 1 0
github.com/marvelalexius/jones/repository/subscription.go:116.143,119.125 2 0
github.com/marvelalexius/jones/repository/subscription.go:119.125,121.3 1 0
github.com/marvelalexius/jones/repository/subscription.go:123.2,123.27 1 0
github.com/marvelalexius/jones/repository/subscription.go:126.90,130.16 2 0
github.com/marvelalexius/jones/repository/subscription.go:130.16,135.3 2 0
github.com/marvelalexius/jones/repository/subscription.go:137.2,137.12 1 0
github.com/marvelalexius/jones/repository/user.go:26.53,28.2 1 0
github.com/marvelalexius/jones/repository/user.go:30.137,33.58 2 0
github.com/marvelalexius/jones/repository/user.go:33.58,34.20 1 0
github.com/marvelalexius/jones/repository/user.go:34.20,36.4 1 0
github.com/marvelalexius/jones/repository/user.go:36.9,38.4 1 0
github.com/marvelalexius/jones/repository/user.go:41.2,42.16 2 0
github.com/marvelalexius/jones/repository/user.go:42.16,46.3 2 0
github.com/marvelalexius/jones/repository/user.go:48.2,51.16 3 0
github.com/marvelalexius/jones/repository/user.go:51.16,55.3 2 0
github.com/marvelalexius/jones/repository/user.go:57.2,57.26 1 0
github.com/marvelalexius/jones/repository/user.go:60.88,63.68 2 0
github.com/marvelalexius/jones/repository/user.go:63.68,65.3 1 0
github.com/marvelalexius/jones/repository/user.go:67.2,67.19 1 0
github.com/marvelalexius/jones/repository/user.go:70.94,73.95 2 0
github.com/marvelalexius/jones/repository/user.go:73.95,75.3 1 0
github.com/marvelalexius/jones/repository/user.go:77.2,77.19 1 0
github.com/marvelalexius/jones/repository/user.go:80.102,83.105 2 0
github.com/marvelalexius/jones/repository/user.go:83.105,85.3 1 0
github.com/marvelalexius/jones/repository/user.go:87.2,87.19 1 0
github.com/marvelalexius/jones/repository/user.go:90.57,91.49 1 0
github.com/marvelalexius/jones/repository/user.go:91.49,93.3 1 0
github.com/marvelalexius/jones/repository/user.go:95.2,95.12 1 0
github.com/marvelalexius/jones/repository/user.go:98.72,99.96 1 0
github.com/marvelalexius/jones/repository/user.go:99.96,101.3 1 0
github.com/marvelalexius/jones/repository/user.go:103.2,103.18 1 0
github.com/marvelalexius/jones/mocks/INotificationRepository.go:16.75,19.19 2 0
github.com/marvelalexius/jones/mocks/INotificationRepository.go:19.19,20.48 1 0
github.com/marvelalexius/jones/mocks/INotificationRepository.go:23.2,24.63 2 0
github.com/marvelalexius/jones/mocks/INotificationRepository.go:24.63,26.3 1 0
github.com/marvelalexius/jones/mocks/INotificationRepository.go:26.8,28.3 1 0
github.com/marvelalexius/jones/mocks/INotificationRepository.go:30.2,30.11 1 0
github.com/marvelalexius/jones/mocks/INotificationRepository.go:38.29,42.19 3 0
github.com/marvelalexius/jones/mocks/INotificationRepository.go:42.19,42.49 1 0
github.com/marvelalexius/jones/mocks/INotificationRepository.go:44.2,44.13 1 0
github.com/marvelalexius/jones/mocks/IReactionRepository.go:18.91,21.19 2 0
github.com/marvelalexius/jones/mocks/IReactionRepository.go:21.19,22.48 1 0
github.com/marvelalexius/jones/mocks/IReactionRepository.go:25.2,26.76 2 0
github.com/marvelalexius/jones/mocks/IReactionRepository.go:26.76,28.3 1 0
github.com/marvelalexius/jones/mocks/IReactionRepository.go:28.8,30.3 1 0
github.com/marvelalexius/jones/mocks/IReactionRepository.go:32.2,32.11 1 0
github.com/marvelalexius/jones/mocks/IReactionRepository.go:36.104,39.19 2 0
github.com/marvelalexius/jones/mocks/IReactionRepository.go:39.19,40.51 1 0
github.com/marvelalexius/jones/mocks/IReactionRepository.go:43.2,45.88 3 0
github.com/marvelalexius/jones/mocks/IReactionRepository.go:45.88,47.3 1 0
github.com/marvelalexius/jones/mocks/IReactionRepository.go:48.2,48.79 1 0
github.com/marvelalexius/jones/mocks/IReactionRepository.go:48.79,50.3 1 0
github.com/marvelalexius/jones/mocks/IReactionRepository.go:50.8,51.24 1 0
github.com/marvelalexius/jones/mocks/IReactionRepository.go:51.24,53.4 1 0
github.com/marvelalexius/jones/mocks/IReactionRepository.go:56.2,56.68 1 0
github.com/marvelalexius/jones/mocks/IReactionRepository.go:56.68,58.3 1 0
github.com/marvelalexius/jones/mocks/IReactionRepository.go:58.8,60.3 1 0
github.com/marvelalexius/jones/mocks/IReactionRepository.go:62.2,62.15 1 0
github.com/marvelalexius/jones/mocks/IReactionRepository.go:66.124,69.19 2 0
github.com/marvelalexius/jones/mocks/IReactionRepository.go:69.19,70.51 1 0
github.com/marvelalexius/jones/mocks/IReactionRepository.go:73.2,75.94 3 0
github.com/marvelalexius/jones/mocks/IReactionRepository.go:75.94,77.3 1 0
github.com/marvelalexius/jones/mocks/IReactionRepository.go:78.2,78.85 1 0
github.com/marvelalexius/jones/mocks/IReactionRepository.go:78.85,80.3 1 0
github.com/marvelalexius/jones/mocks/IReactionRepository.go:80.8,82.3 1 0
github.com/marvelalexius/jones/mocks/IReactionRepository.go:84.2,84.76 1 0
github.com/marvelalexius/jones/mocks/IReactionRepository.go:84.76,86.3 1 0
github.com/marvelalexius/jones/mocks/IReactionRepository.go:86.8,88.3 1 0
github.com/marvelalexius/jones/mocks/IReactionRepository.go:90.2,90.15 1 0
github.com/marvelalexius/jones/mocks/IReactionRepository.go:94.98,97.19 2 0
github.com/marvelalexius/jones/mocks/IReactionRepository.go:97.19,98.56 1 0
github.com/marvelalexius/jones/mocks/IReactionRepository.go:101.2,103.77 3 0
github.com/marvelalexius/jones/mocks/IReactionRepository.go:103.77,105.3 1 0
github.com/marvelalexius/jones/mocks/IReactionRepository.go:106.2,106.68 1 0
github.com/marvelalexius/jones/mocks/IReactionRepository.go:106.68,108.3 1 0
github.com/marvelalexius/jones/mocks/IReactionRepository.go:108.8,110.3 1 0
github.com/marvelalexius/jones/mocks/IReactionRepository.go:112.2,112.68 1 0
github.com/marvelalexius/jones/mocks/IReactionRepository.go:112.68,114.3 1 0
github.com/marvelalexius/jones/mocks/IReactionRepository.go:114.8,116.3 1 0
github.com/marvelalexius/jones/mocks/IReactionRepository.go:118.2,118.15 1 0
github.com/marvelalexius/jones/mocks/IReactionRepository.go:122.105,125.19 2 0
github.com/marvelalexius/jones/mocks/IReactionRepository.go:125.19,126.52 1 0
github.com/marvelalexius/jones/mocks/IReactionRepository.go:129.2,131.88 3 0
github.com/marvelalexius/jones/mocks/IReactionRepository.go:131.88,133.3 1 0
github.com/marvelalexius/jones/mocks/IReactionRepository.go:134.2,134.79 1 0
github.com/marvelalexius/jones/mocks/IReactionRepository.go:134.79,136.3 1 0
github.com/marvelalexius/jones/mocks/IReactionRepository.go:136.8,137.24 1 0
github.com/marvelalexius/jones/mocks/IReactionRepository.go:137.24,139.4 1 0
github.com/marvelalexius/jones/mocks/IReactionRepository.go:142.2,142.68 1 0
github.com/marvelalexius/jones/mocks/IReactionRepository.go:142.68,144.3 1 0
github.com/marvelalexius/jones/mocks/IReactionRepository.go:144.8,146.3 1 0
github.com/marvelalexius/jones/mocks/IReactionRepository.go:148.2,148.15 1 0
github.com/marvelalexius/jones/mocks/IReactionRepository.go:152.124,155.19 2 0
github.com/marvelalexius/jones/mocks/IReactionRepository.go:155.19,156.51 1 0
github.com/marvelalexius/jones/mocks/IReactionRepository.go:159.2,161.94 3 0
github.com/marvelalexius/jones/mocks/IReactionRepository.go:161.94,163.3 1 0
github.com/marvelalexius/jones/mocks/IReactionRepository.go:164.2,164.85 1 0
github.com/marvelalexius/jones/mocks/IReactionRepository.go:164.85,166.3 1 0
github.com/marvelalexius/jones/mocks/IReactionRepository.go:166.8,168.3 1 0
github.com/marvelalexius/jones/mocks/IReactionRepository.go:170.2,170.76 1 0
github.com/marvelalexius/jones/mocks/IReactionRepository.go:170.76,172.3 1 0
github.com/marvelalexius/jones/mocks/IReactionRepository.go:172.8,174.3 1 0
github.com/marvelalexius/jones/mocks/IReactionRepository.go:176.2,176.15 1 0
github.com/marvelalexius/jones/mocks/IReactionRepository.go:180.92,183.19 2 0
github.com/marvelalexius/jones/mocks/IReactionRepository.go:183.19,184.48 1 0
github.com/marvelalexius/jones/mocks/IReactionRepository.go:187.2,188.77 2 0
github.com/marvelalexius/jones/mocks/IReactionRepository.go:188.77,190.3 1 0
github.com/marvelalexius/jones/mocks/IReactionRepository.go:190.8,192.3 1 0
github.com/marvelalexius/jones/mocks/IReactionRepository.go:194.2,194.11 1 0
github.com/marvelalexius/jones/mocks/IReactionRepository.go:202.25,206.19 3 0
github.com/marvelalexius/jones/mocks/IReactionRepository.go:206.19,206.49 1 0
github.com/marvelalexius/jones/mocks/IReactionRepository.go:208.2,208.13 1 0
github.com/marvelalexius/jones/mocks/IReactionService.go:18.100,21.19 2 0
github.com/marvelalexius/jones/mocks/IReactionService.go:21.19,22.50 1 0
github.com/marvelalexius/jones/mocks/IReactionService.go:25.2,27.88 3 0
github.com/marvelalexius/jones/mocks/IReactionService.go:27.88,29.3 1 0
github.com/marvelalexius/jones/mocks/IReactionService.go:30.2,30.79 1 0
github.com/marvelalexius/jones/mocks/IReactionService.go:30.79,32.3 1 0
github.com/marvelalexius/jones/mocks/IReactionService.go:32.8,33.24 1 0
github.com/marvelalexius/jones/mocks/IReactionService.go:33.24,35.4 1 0
github.com/marvelalexius/jones/mocks/IReactionService.go:38.2,38.68 1 0
github.com/marvelalexius/jones/mocks/IReactionService.go:38.68,40.3 1 0
github.com/marvelalexius/jones/mocks/IReactionService.go:40.8,42.3 1 0
github.com/marvelalexius/jones/mocks/IReactionService.go:44.2,44.15 1 0
github.com/marvelalexius/jones/mocks/IReactionService.go:48.112,51.19 2 0
github.com/marvelalexius/jones/mocks/IReactionService.go:51.19,52.47 1 0
github.com/marvelalexius/jones/mocks/IReactionService.go:55.2,57.101 3 0
github.com/marvelalexius/jones/mocks/IReactionService.go:57.101,59.3 1 0
github.com/marvelalexius/jones/mocks/IReactionService.go:60.2,60.92 1 0
github.com/marvelalexius/jones/mocks/IReactionService.go:60.92,62.3 1 0
github.com/marvelalexius/jones/mocks/IReactionService.go:62.8,64.3 1 0
github.com/marvelalexius/jones/mocks/IReactionService.go:66.2,66.83 1 0
github.com/marvelalexius/jones/mocks/IReactionService.go:66.83,68.3 1 0
github.com/marvelalexius/jones/mocks/IReactionService.go:68.8,70.3 1 0
github.com/marvelalexius/jones/mocks/IReactionService.go:72.2,72.15 1 0
github.com/marvelalexius/jones/mocks/IReactionService.go:80.22,84.19 3 0
github.com/marvelalexius/jones/mocks/IReactionService.go:84.19,84.49 1 0
github.com/marvelalexius/jones/mocks/IReactionService.go:86.2,86.13 1 0
github.com/marvelalexius/jones/mocks/IStripeClient.go:19.131,22.19 2 0
github.com/marvelalexius/jones/mocks/IStripeClient.go:22.19,23.68 1 0
github.com/marvelalexius/jones/mocks/IStripeClient.go:26.2,28.100 3 0
github.com/marvelalexius/jones/mocks/IStripeClient.go:28.100,30.3 1 0
github.com/marvelalexius/jones/mocks/IStripeClient.go:31.2,31.91 1 0
github.com/marvelalexius/jones/mocks/IStripeClient.go:31.91,33.3 1 0
github.com/marvelalexius/jones/mocks/IStripeClient.go:33.8,34.24 1 0
github.com/marvelalexius/jones/mocks/IStripeClient.go:34.24,36.4 1 0
github.com/marvelalexius/jones/mocks/IStripeClient.go:39.2,39.68 1 0
github.com/marvelalexius/jones/mocks/IStripeClient.go:39.68,41.3 1 0
github.com/marvelalexius/jones/mocks/IStripeClient.go:41.8,43.3 1 0
github.com/marvelalexius/jones/mocks/IStripeClient.go:45.2,45.15 1 0
github.com/marvelalexius/jones/mocks/IStripeClient.go:49.136,52.19 2 0
github.com/marvelalexius/jones/mocks/IStripeClient.go:52.19,53.63 1 0
github.com/marvelalexius/jones/mocks/IStripeClient.go:56.2,58.103 3 0
github.com/marvelalexius/jones/mocks/IStripeClient.go:58.103,60.3 1 0
github.com/marvelalexius/jones/mocks/IStripeClient.go:61.2,61.94 1 0
github.com/marvelalexius/jones/mocks/IStripeClient.go:61.94,63.3 1 0
github.com/marvelalexius/jones/mocks/IStripeClient.go:63.8,64.24 1 0
github.com/marvelalexius/jones/mocks/IStripeClient.go:64.24,66.4 1 0
github.com/marvelalexius/jones/mocks/IStripeClient.go:69.2,69.76 1 0
github.com/marvelalexius/jones/mocks/IStripeClient.go:69.76,71.3 1 0
github.com/marvelalexius/jones/mocks/IStripeClient.go:71.8,73.3 1 0
github.com/marvelalexius/jones/mocks/IStripeClient.go:75.2,75.15 1 0
github.com/marvelalexius/jones/mocks/IStripeClient.go:79.115,82.19 2 0
github.com/marvelalexius/jones/mocks/IStripeClient.go:82.19,83.56 1 0
github.com/marvelalexius/jones/mocks/IStripeClient.go:86.2,88.96 3 0
github.com/marvelalexius/jones/mocks/IStripeClient.go:88.96,90.3 1 0
github.com/marvelalexius/jones/mocks/IStripeClient.go:91.2,91.87 1 0
github.com/marvelalexius/jones/mocks/IStripeClient.go:91.87,93.3 1 0
github.com/marvelalexius/jones/mocks/IStripeClient.go:93.8,94.24 1 0
github.com/marvelalexius/jones/mocks/IStripeClient.go:94.24,96.4 1 0
github.com/marvelalexius/jones/mocks/IStripeClient.go:99.2,99.76 1 0
github.com/marvelalexius/jones/mocks/IStripeClient.go:99.76,101.3 1 0
github.com/marvelalexius/jones/mocks/IStripeClient.go:101.8,103.3 1 0
github.com/marvelalexius/jones/mocks/IStripeClient.go:105.2,105.15 1 0
github.com/marvelalexius/jones/mocks/IStripeClient.go:113.19,117.19 3 0
github.com/marvelalexius/jones/mocks/IStripeClient.go:117.19,117.49 1 0
github.com/marvelalexius/jones/mocks/IStripeClient.go:119.2,119.13 1 0
github.com/marvelalexius/jones/mocks/ISubscriptionRepository.go:18.92,21.19 2 0
github.com/marvelalexius/jones/mocks/ISubscriptionRepository.go:21.19,22.56 1 0
github.com/marvelalexius/jones/mocks/ISubscriptionRepository.go:25.2,26.69 2 0
github.com/marvelalexius/jones/mocks/ISubscriptionRepository.go:26.69,28.3 1 0
github.com/marvelalexius/jones/mocks/ISubscriptionRepository.go:28.8,30.3 1 0
github.com/marvelalexius/jones/mocks/ISubscriptionRepository.go:32.2,32.11 1 0
github.com/marvelalexius/jones/mocks/ISubscriptionRepository.go:36.103,39.19 2 0
github.com/marvelalexius/jones/mocks/ISubscriptionRepository.go:39.19,40.48 1 0
github.com/marvelalexius/jones/mocks/ISubscriptionRepository.go:43.2,44.80 2 0
github.com/marvelalexius/jones/mocks/ISubscriptionRepository.go:44.80,46.3 1 0
github.com/marvelalexius/jones/mocks/ISubscriptionRepository.go:46.8,48.3 1 0
github.com/marvelalexius/jones/mocks/ISubscriptionRepository.go:50.2,50.11 1 0
github.com/marvelalexius/jones/mocks/ISubscriptionRepository.go:54.95,57.19 2 0
github.com/marvelalexius/jones/mocks/ISubscriptionRepository.go:57.19,58.49 1 0
github.com/marvelalexius/jones/mocks/ISubscriptionRepository.go:61.2,63.84 3 0
github.com/marvelalexius/jones/mocks/ISubscriptionRepository.go:63.84,65.3 1 0
github.com/marvelalexius/jones/mocks/ISubscriptionRepository.go:66.2,66.75 1 0
github.com/marvelalexius/jones/mocks/ISubscriptionRepository.go:66.75,68.3 1 0
github.com/marvelalexius/jones/mocks/ISubscriptionRepository.go:68.8,69.24 1 0
github.com/marvelalexius/jones/mocks/ISubscriptionRepository.go:69.24,71.4 1 0
github.com/marvelalexius/jones/mocks/ISubscriptionRepository.go:74.2,74.60 1 0
github.com/marvelalexius/jones/mocks/ISubscriptionRepository.go:74.60,76.3 1 0
github.com/marvelalexius/jones/mocks/ISubscriptionRepository.go:76.8,78.3 1 0
github.com/marvelalexius/jones/mocks/ISubscriptionRepository.go:80.2,80.15 1 0
github.com/marvelalexius/jones/mocks/ISubscriptionRepository.go:84.103,87.19 2 0
github.com/marvelalexius/jones/mocks/ISubscriptionRepository.go:87.19,88.53 1 0
github.com/marvelalexius/jones/mocks/ISubscriptionRepository.go:91.2,93.88 3 0
github.com/marvelalexius/jones/mocks/ISubscriptionRepository.go:93.88,95.3 1 0
github.com/marvelalexius/jones/mocks/ISubscriptionRepository.go:96.2,96.79 1 0
github.com/marvelalexius/jones/mocks/ISubscriptionRepository.go:96.79,98.3 1 0
github.com/marvelalexius/jones/mocks/ISubscriptionRepository.go:98.8,99.24 1 0
github.com/marvelalexius/jones/mocks/ISubscriptionRepository.go:99.24,101.4 1 0
github.com/marvelalexius/jones/mocks/ISubscriptionRepository.go:104.2,104.60 1 0
github.com/marvelalexius/jones/mocks/ISubscriptionRepository.go:104.60,106.3 1 0
github.com/marvelalexius/jones/mocks/ISubscriptionRepository.go:106.8,108.3 1 0
github.com/marvelalexius/jones/mocks/ISubscriptionRepository.go:110.2,110.15 1 0
github.com/marvelalexius/jones/mocks/ISubscriptionRepository.go:114.106,117.19 2 0
github.com/marvelalexius/jones/mocks/ISubscriptionRepository.go:117.19,118.50 1 0
github.com/marvelalexius/jones/mocks/ISubscriptionRepository.go:121.2,123.91 3 0
github.com/marvelalexius/jones/mocks/ISubscriptionRepository.go:123.91,125.3 1 0
github.com/marvelalexius/jones/mocks/ISubscriptionRepository.go:126.2,126.82 1 0
github.com/marvelalexius/jones/mocks/ISubscriptionRepository.go:126.82,128.3 1 0
github.com/marvelalexius/jones/mocks/ISubscriptionRepository.go:128.8,129.24 1 0
github.com/marvelalexius/jones/mocks/ISubscriptionRepository.go:129.24,131.4 1 0
github.com/marvelalexius/jones/mocks/ISubscriptionRepository.go:134.2,134.68 1 0
github.com/marvelalexius/jones/mocks/ISubscriptionRepository.go:134.68,136.3 1 0
github.com/marvelalexius/jones/mocks/ISubscriptionRepository.go:136.8,138.3 1 0
github.com/marvelalexius/jones/mocks/ISubscriptionRepository.go:140.2,140.15 1 0
github.com/marvelalexius/jones/mocks/ISubscriptionRepository.go:144.124,147.19 2 0
github.com/marvelalexius/jones/mocks/ISubscriptionRepository.go:147.19,148.68 1 0
github.com/marvelalexius/jones/mocks/ISubscriptionRepository.go:151.2,153.91 3 0
github.com/marvelalexius/jones/mocks/ISubscriptionRepository.go:153.91,155.3 1 0
github.com/marvelalexius/jones/mocks/ISubscriptionRepository.go:156.2,156.82 1 0
github.com/marvelalexius/jones/mocks/ISubscriptionRepository.go:156.82,158.3 1 0
github.com/marvelalexius/jones/mocks/ISubscriptionRepository.go:158.8,159.24 1 0
github.com/marvelalexius/jones/mocks/ISubscriptionRepository.go:159.24,161.4 1 0
github.com/marvelalexius/jones/mocks/ISubscriptionRepository.go:164.2,164.68 1 0
github.com/marvelalexius/jones/mocks/ISubscriptionRepository.go:164.68,166.3 1 0
github.com/marvelalexius/jones/mocks/ISubscriptionRepository.go:166.8,168.3 1 0
github.com/marvelalexius/jones/mocks/ISubscriptionRepository.go:170.2,170.15 1 0
github.com/marvelalexius/jones/mocks/ISubscriptionRepository.go:174.145,177.19 2 0
github.com/marvelalexius/jones/mocks/ISubscriptionRepository.go:177.19,178.77 1 0
github.com/marvelalexius/jones/mocks/ISubscriptionRepository.go:181.2,183.96 3 0
github.com/marvelalexius/jones/mocks/ISubscriptionRepository.go:183.96,185.3 1 0
github.com/marvelalexius/jones/mocks/ISubscriptionRepository.go:186.2,186.87 1 0
github.com/marvelalexius/jones/mocks/ISubscriptionRepository.go:186.87,188.3 1 0
github.com/marvelalexius/jones/mocks/ISubscriptionRepository.go:188.8,189.24 1 0
github.com/marvelalexius/jones/mocks/ISubscriptionRepository.go:189.24,191.4 1 0
github.com/marvelalexius/jones/mocks/ISubscriptionRepository.go:194.2,194.73 1 0
github.com/marvelalexius/jones/mocks/ISubscriptionRepository.go:194.73,196.3 1 0
github.com/marvelalexius/jones/mocks/ISubscriptionRepository.go:196.8,198.3 1 0
github.com/marvelalexius/jones/mocks/ISubscriptionRepository.go:200.2,200.15 1 0
github.com/marvelalexius/jones/mocks/ISubscriptionRepository.go:204.114,207.19 2 0
github.com/marvelalexius/jones/mocks/ISubscriptionRepository.go:207.19,208.54 1 0
github.com/marvelalexius/jones/mocks/ISubscriptionRepository.go:211.2,213.91 3 0
github.com/marvelalexius/jones/mocks/ISubscriptionRepository.go:213.91,215.3 1 0
github.com/marvelalexius/jones/mocks/ISubscriptionRepository.go:216.2,216.82 1 0
github.com/marvelalexius/jones/mocks/ISubscriptionRepository.go:216.82,218.3 1 0
github.com/marvelalexius/jones/mocks/ISubscriptionRepository.go:218.8,219.24 1 0
github.com/marvelalexius/jones/mocks/ISubscriptionRepository.go:219.24,221.4 1 0
github.com/marvelalexius/jones/mocks/ISubscriptionRepository.go:224.2,224.68 1 0
github.com/marvelalexius/jones/mocks/ISubscriptionRepository.go:224.68,226.3 1 0
github.com/marvelalexius/jones/mocks/ISubscriptionRepository.go:226.8,228.3 1 0
github.com/marvelalexius/jones/mocks/ISubscriptionRepository.go:230.2,230.15 1 0
github.com/marvelalexius/jones/mocks/ISubscriptionRepository.go:234.111,237.19 2 0
github.com/marvelalexius/jones/mocks/ISubscriptionRepository.go:237.19,238.54 1 0
github.com/marvelalexius/jones/mocks/ISubscriptionRepository.go:241.2,243.92 3 0
github.com/marvelalexius/jones/mocks/ISubscriptionRepository.go:243.92,245.3 1 0
github.com/marvelalexius/jones/mocks/ISubscriptionRepository.go:246.2,246.83 1 0
github.com/marvelalexius/jones/mocks/ISubscriptionRepository.go:246.83,248.3 1 0
github.com/marvelalexius/jones/mocks/ISubscriptionRepository.go:248.8,249.24 1 0
github.com/marvelalexius/jones/mocks/ISubscriptionRepository.go:249.24,251.4 1 0
github.com/marvelalexius/jones/mocks/ISubscriptionRepository.go:254.2,254.65 1 0
github.com/marvelalexius/jones/mocks/ISubscriptionRepository.go:254.65,256.3 1 0
github.com/marvelalexius/jones/mocks/ISubscriptionRepository.go:256.8,258.3 1 0
github.com/marvelalexius/jones/mocks/ISubscriptionRepository.go:260.2,260.15 1 0
github.com/marvelalexius/jones/mocks/ISubscriptionRepository.go:264.121,267.19 2 0
github.com/marvelalexius/jones/mocks/ISubscriptionRepository.go:267.19,268.61 1 0
github.com/marvelalexius/jones/mocks/ISubscriptionRepository.go:271.2,273.95 3 0
github.com/marvelalexius/jones/mocks/ISubscriptionRepository.go:273.95,275.3 1 0
github.com/marvelalexius/jones/mocks/ISubscriptionRepository.go:276.2,276.86 1 0
github.com/marvelalexius/jones/mocks/ISubscriptionRepository.go:276.86,278.3 1 0
github.com/marvelalexius/jones/mocks/ISubscriptionRepository.go:278.8,279.24 1 0
github.com/marvelalexius/jones/mocks/ISubscriptionRepository.go:279.24,281.4 1 0
github.com/marvelalexius/jones/mocks/ISubscriptionRepository.go:284.2,284.68 1 0
github.com/marvelalexius/jones/mocks/ISubscriptionRepository.go:284.68,286.3 1 0
github.com/marvelalexius/jones/mocks/ISubscriptionRepository.go:286.8,288.3 1 0
github.com/marvelalexius/jones/mocks/ISubscriptionRepository.go:290.2,290.15 1 0
github.com/marvelalexius/jones/mocks/ISubscriptionRepository.go:294.104,297.19 2 0
github.com/marvelalexius/jones/mocks/ISubscriptionRepository.go:297.19,298.48 1 0
github.com/marvelalexius/jones/mocks/ISubscriptionRepository.go:301.2,302.81 2 0
github.com/marvelalexius/jones/mocks/ISubscriptionRepository.go:302.81,304.3 1 0
github.com/marvelalexius/jones/mocks/ISubscriptionRepository.go:304.8,306.3 1 0
github.com/marvelalexius/jones/mocks/ISubscriptionRepository.go:308.2,308.11 1 0
github.com/marvelalexius/jones/mocks/ISubscriptionRepository.go:316.29,320.19 3 0
github.com/marvelalexius/jones/mocks/ISubscriptionRepository.go:320.19,320.49 1 0
github.com/marvelalexius/jones/mocks/ISubscriptionRepository.go:322.2,322.13 1 0
github.com/marvelalexius/jones/mocks/ISubscriptionService.go:20.100,23.19 2 0
github.com/marvelalexius/jones/mocks/ISubscriptionService.go:23.19,24.56 1 0
github.com/marvelalexius/jones/mocks/ISubscriptionService.go:27.2,29.78 3 0
github.com/marvelalexius/jones/mocks/ISubscriptionService.go:29.78,31.3 1 0
github.com/marvelalexius/jones/mocks/ISubscriptionService.go:32.2,32.69 1 0
github.com/marvelalexius/jones/mocks/ISubscriptionService.go:32.69,34.3 1 0
github.com/marvelalexius/jones/mocks/ISubscriptionService.go:34.8,36.3 1 0
github.com/marvelalexius/jones/mocks/ISubscriptionService.go:38.2,38.68 1 0
github.com/marvelalexius/jones/mocks/ISubscriptionService.go:38.68,40.3 1 0
github.com/marvelalexius/jones/mocks/ISubscriptionService.go:40.8,42.3 1 0
github.com/marvelalexius/jones/mocks/ISubscriptionService.go:44.2,44.15 1 0
github.com/marvelalexius/jones/mocks/ISubscriptionService.go:48.103,51.19 2 0
github.com/marvelalexius/jones/mocks/ISubscriptionService.go:51.19,52.59 1 0
github.com/marvelalexius/jones/mocks/ISubscriptionService.go:55.2,56.77 2 0
github.com/marvelalexius/jones/mocks/ISubscriptionService.go:56.77,58.3 1 0
github.com/marvelalexius/jones/mocks/ISubscriptionService.go:58.8,60.3 1 0
github.com/marvelalexius/jones/mocks/ISubscriptionService.go:62.2,62.11 1 0
github.com/marvelalexius/jones/mocks/ISubscriptionService.go:66.109,69.19 2 0
github.com/marvelalexius/jones/mocks/ISubscriptionService.go:69.19,70.68 1 0
github.com/marvelalexius/jones/mocks/ISubscriptionService.go:73.2,74.68 2 0
github.com/marvelalexius/jones/mocks/ISubscriptionService.go:74.68,76.3 1 0
github.com/marvelalexius/jones/mocks/ISubscriptionService.go:76.8,78.3 1 0
github.com/marvelalexius/jones/mocks/ISubscriptionService.go:80.2,80.11 1 0
github.com/marvelalexius/jones/mocks/ISubscriptionService.go:84.127,87.19 2 0
github.com/marvelalexius/jones/mocks/ISubscriptionService.go:87.19,88.67 1 0
github.com/marvelalexius/jones/mocks/ISubscriptionService.go:91.2,92.82 2 0
github.com/marvelalexius/jones/mocks/ISubscriptionService.go:92.82,94.3 1 0
github.com/marvelalexius/jones/mocks/ISubscriptionService.go:94.8,96.3 1 0
github.com/marvelalexius/jones/mocks/ISubscriptionService.go:98.2,98.11 1 0
github.com/marvelalexius/jones/mocks/ISubscriptionService.go:102.127,105.19 2 0
github.com/marvelalexius/jones/mocks/ISubscriptionService.go:105.19,106.67 1 0
github.com/marvelalexius/jones/mocks/ISubscriptionService.go:109.2,110.82 2 0
github.com/marvelalexius/jones/mocks/ISubscriptionService.go:110.82,112.3 1 0
github.com/marvelalexius/jones/mocks/ISubscriptionService.go:112.8,114.3 1 0
github.com/marvelalexius/jones/mocks/ISubscriptionService.go:116.2,116.11 1 0
github.com/marvelalexius/jones/mocks/ISubscriptionService.go:120.126,123.19 2 0
github.com/marvelalexius/jones/mocks/ISubscriptionService.go:123.19,124.51 1 0
github.com/marvelalexius/jones/mocks/ISubscriptionService.go:127.2,129.105 3 0
github.com/marvelalexius/jones/mocks/ISubscriptionService.go:129.105,131.3 1 0
github.com/marvelalexius/jones/mocks/ISubscriptionService.go:132.2,132.96 1 0
github.com/marvelalexius/jones/mocks/ISubscriptionService.go:132.96,134.3 1 0
github.com/marvelalexius/jones/mocks/ISubscriptionService.go:134.8,136.3 1 0
github.com/marvelalexius/jones/mocks/ISubscriptionService.go:138.2,138.95 1 0
github.com/marvelalexius/jones/mocks/ISubscriptionService.go:138.95,140.3 1 0
github.com/marvelalexius/jones/mocks/ISubscriptionService.go:140.8,142.3 1 0
github.com/marvelalexius/jones/mocks/ISubscriptionService.go:144.2,144.15 1 0
github.com/marvelalexius/jones/mocks/ISubscriptionService.go:152.26,156.19 3 0
github.com/marvelalexius/jones/mocks/ISubscriptionService.go:156.19,156.49 1 0
github.com/marvelalexius/jones/mocks/ISubscriptionService.go:158.2,158.13 1 0
github.com/marvelalexius/jones/mocks/IUserRepository.go:18.59,21.19 2 0
github.com/marvelalexius/jones/mocks/IUserRepository.go:21.19,22.48 1 0
github.com/marvelalexius/jones/mocks/IUserRepository.go:25.2,26.56 2 0
github.com/marvelalexius/jones/mocks/IUserRepository.go:26.56,28.3 1 0
github.com/marvelalexius/jones/mocks/IUserRepository.go:28.8,30.3 1 0
github.com/marvelalexius/jones/mocks/IUserRepository.go:32.2,32.11 1 0
github.com/marvelalexius/jones/mocks/IUserRepository.go:36.123,39.19 2 0
github.com/marvelalexius/jones/mocks/IUserRepository.go:39.19,40.49 1 0
github.com/marvelalexius/jones/mocks/IUserRepository.go:43.2,46.101 4 0
github.com/marvelalexius/jones/mocks/IUserRepository.go:46.101,48.3 1 0
github.com/marvelalexius/jones/mocks/IUserRepository.go:49.2,49.85 1 0
github.com/marvelalexius/jones/mocks/IUserRepository.go:49.85,51.3 1 0
github.com/marvelalexius/jones/mocks/IUserRepository.go:51.8,52.24 1 0
github.com/marvelalexius/jones/mocks/IUserRepository.go:52.24,54.4 1 0
github.com/marvelalexius/jones/mocks/IUserRepository.go:57.2,57.78 1 0
github.com/marvelalexius/jones/mocks/IUserRepository.go:57.78,59.3 1 0
github.com/marvelalexius/jones/mocks/IUserRepository.go:59.8,61.3 1 0
github.com/marvelalexius/jones/mocks/IUserRepository.go:63.2,63.78 1 0
github.com/marvelalexius/jones/mocks/IUserRepository.go:63.78,65.3 1 0
github.com/marvelalexius/jones/mocks/IUserRepository.go:65.8,67.3 1 0
github.com/marvelalexius/jones/mocks/IUserRepository.go:69.2,69.19 1 0
github.com/marvelalexius/jones/mocks/IUserRepository.go:73.96,76.19 2 0
github.com/marvelalexius/jones/mocks/IUserRepository.go:76.19,77.53 1 0
github.com/marvelalexius/jones/mocks/IUserRepository.go:80.2,82.83 3 0
github.com/marvelalexius/jones/mocks/IUserRepository.go:82.83,84.3 1 0
github.com/marvelalexius/jones/mocks/IUserRepository.go:85.2,85.74 1 0
github.com/marvelalexius/jones/mocks/IUserRepository.go:85.74,87.3 1 0
github.com/marvelalexius/jones/mocks/IUserRepository.go:87.8,88.24 1 0
github.com/marvelalexius/jones/mocks/IUserRepository.go:88.24,90.4 1 0
github.com/marvelalexius/jones/mocks/IUserRepository.go:93.2,93.68 1 0
github.com/marvelalexius/jones/mocks/IUserRepository.go:93.68,95.3 1 0
github.com/marvelalexius/jones/mocks/IUserRepository.go:95.8,97.3 1 0
github.com/marvelalexius/jones/mocks/IUserRepository.go:99.2,99.15 1 0
github.com/marvelalexius/jones/mocks/IUserRepository.go:103.90,106.19 2 0
github.com/marvelalexius/jones/mocks/IUserRepository.go:106.19,107.50 1 0
github.com/marvelalexius/jones/mocks/IUserRepository.go:110.2,112.83 3 0
github.com/marvelalexius/jones/mocks/IUserRepository.go:112.83,114.3 1 0
github.com/marvelalexius/jones/mocks/IUserRepository.go:115.2,115.74 1 0
github.com/marvelalexius/jones/mocks/IUserRepository.go:115.74,117.3 1 0
github.com/marvelalexius/jones/mocks/IUserRepository.go:117.8,118.24 1 0
github.com/marvelalexius/jones/mocks/IUserRepository.go:118.24,120.4 1 0
github.com/marvelalexius/jones/mocks/IUserRepository.go:123.2,123.68 1 0
github.com/marvelalexius/jones/mocks/IUserRepository.go:123.68,125.3 1 0
github.com/marvelalexius/jones/mocks/IUserRepository.go:125.8,127.3 1 0
github.com/marvelalexius/jones/mocks/IUserRepository.go:129.2,129.15 1 0
github.com/marvelalexius/jones/mocks/IUserRepository.go:133.104,136.19 2 0
github.com/marvelalexius/jones/mocks/IUserRepository.go:136.19,137.64 1 0
github.com/marvelalexius/jones/mocks/IUserRepository.go:140.2,142.83 3 0
github.com/marvelalexius/jones/mocks/IUserRepository.go:142.83,144.3 1 0
github.com/marvelalexius/jones/mocks/IUserRepository.go:145.2,145.74 1 0
github.com/marvelalexius/jones/mocks/IUserRepository.go:145.74,147.3 1 0
github.com/marvelalexius/jones/mocks/IUserRepository.go:147.8,148.24 1 0
github.com/marvelalexius/jones/mocks/IUserRepository.go:148.24,150.4 1 0
github.com/marvelalexius/jones/mocks/IUserRepository.go:153.2,153.68 1 0
github.com/marvelalexius/jones/mocks/IUserRepository.go:153.68,155.3 1 0
github.com/marvelalexius/jones/mocks/IUserRepository.go:155.8,157.3 1 0
github.com/marvelalexius/jones/mocks/IUserRepository.go:159.2,159.15 1 0
github.com/marvelalexius/jones/mocks/IUserRepository.go:163.74,166.19 2 0
github.com/marvelalexius/jones/mocks/IUserRepository.go:166.19,167.48 1 0
github.com/marvelalexius/jones/mocks/IUserRepository.go:170.2,172.71 3 0
github.com/marvelalexius/jones/mocks/IUserRepository.go:172.71,174.3 1 0
github.com/marvelalexius/jones/mocks/IUserRepository.go:175.2,175.62 1 0
github.com/marvelalexius/jones/mocks/IUserRepository.go:175.62,177.3 1 0
github.com/marvelalexius/jones/mocks/IUserRepository.go:177.8,178.24 1 0
github.com/marvelalexius/jones/mocks/IUserRepository.go:178.24,180.4 1 0
github.com/marvelalexius/jones/mocks/IUserRepository.go:183.2,183.56 1 0
github.com/marvelalexius/jones/mocks/IUserRepository.go:183.56,185.3 1 0
github.com/marvelalexius/jones/mocks/IUserRepository.go:185.8,187.3 1 0
github.com/marvelalexius/jones/mocks/IUserRepository.go:189.2,189.15 1 0
github.com/marvelalexius/jones/mocks/IUserRepository.go:197.21,201.19 3 0
github.com/marvelalexius/jones/mocks/IUserRepository.go:201.19,201.49 1 0
github.com/marvelalexius/jones/mocks/IUserRepository.go:203.2,203.13 1 0
github.com/marvelalexius/jones/mocks/IUserService.go:18.98,21.19 2 0
github.com/marvelalexius/jones/mocks/IUserService.go:21.19,22.49 1 0
github.com/marvelalexius/jones/mocks/IUserService.go:25.2,28.91 4 0
github.com/marvelalexius/jones/mocks/IUserService.go:28.91,30.3 1 0
github.com/marvelalexius/jones/mocks/IUserService.go:31.2,31.75 1 0
github.com/marvelalexius/jones/mocks/IUserService.go:31.75,33.3 1 0
github.com/marvelalexius/jones/mocks/IUserService.go:33.8,34.24 1 0
github.com/marvelalexius/jones/mocks/IUserService.go:34.24,36.4 1 0
github.com/marvelalexius/jones/mocks/IUserService.go:39.2,39.68 1 0
github.com/marvelalexius/jones/mocks/IUserService.go:39.68,41.3 1 0
github.com/marvelalexius/jones/mocks/IUserService.go:41.8,43.3 1 0
github.com/marvelalexius/jones/mocks/IUserService.go:45.2,45.68 1 0
github.com/marvelalexius/jones/mocks/IUserService.go:45.68,47.3 1 0
github.com/marvelalexius/jones/mocks/IUserService.go:47.8,49.3 1 0
github.com/marvelalexius/jones/mocks/IUserService.go:51.2,51.19 1 0
github.com/marvelalexius/jones/mocks/IUserService.go:55.86,58.19 2 0
github.com/marvelalexius/jones/mocks/IUserService.go:58.19,59.60 1 0
github.com/marvelalexius/jones/mocks/IUserService.go:62.2,65.74 4 0
github.com/marvelalexius/jones/mocks/IUserService.go:65.74,67.3 1 0
github.com/marvelalexius/jones/mocks/IUserService.go:68.2,68.57 1 0
github.com/marvelalexius/jones/mocks/IUserService.go:68.57,70.3 1 0
github.com/marvelalexius/jones/mocks/IUserService.go:70.8,72.3 1 0
github.com/marvelalexius/jones/mocks/IUserService.go:74.2,74.57 1 0
github.com/marvelalexius/jones/mocks/IUserService.go:74.57,76.3 1 0
github.com/marvelalexius/jones/mocks/IUserService.go:76.8,78.3 1 0
github.com/marvelalexius/jones/mocks/IUserService.go:80.2,80.56 1 0
github.com/marvelalexius/jones/mocks/IUserService.go:80.56,82.3 1 0
github.com/marvelalexius/jones/mocks/IUserService.go:82.8,84.3 1 0
github.com/marvelalexius/jones/mocks/IUserService.go:86.2,86.19 1 0
github.com/marvelalexius/jones/mocks/IUserService.go:90.94,93.19 2 0
github.com/marvelalexius/jones/mocks/IUserService.go:93.19,94.47 1 0
github.com/marvelalexius/jones/mocks/IUserService.go:97.2,99.92 3 0
github.com/marvelalexius/jones/mocks/IUserService.go:99.92,101.3 1 0
github.com/marvelalexius/jones/mocks/IUserService.go:102.2,102.83 1 0
github.com/marvelalexius/jones/mocks/IUserService.go:102.83,104.3 1 0
github.com/marvelalexius/jones/mocks/IUserService.go:104.8,105.24 1 0
github.com/marvelalexius/jones/mocks/IUserService.go:105.24,107.4 1 0
github.com/marvelalexius/jones/mocks/IUserService.go:110.2,110.77 1 0
github.com/marvelalexius/jones/mocks/IUserService.go:110.77,112.3 1 0
github.com/marvelalexius/jones/mocks/IUserService.go:112.8,114.3 1 0
github.com/marvelalexius/jones/mocks/IUserService.go:116.2,116.15 1 0
github.com/marvelalexius/jones/mocks/IUserService.go:120.108,123.19 2 0
github.com/marvelalexius/jones/mocks/IUserService.go:123.19,124.58 1 0
github.com/marvelalexius/jones/mocks/IUserService.go:127.2,130.86 4 0
github.com/marvelalexius/jones/mocks/IUserService.go:130.86,132.3 1 0
github.com/marvelalexius/jones/mocks/IUserService.go:133.2,133.69 1 0
github.com/marvelalexius/jones/mocks/IUserService.go:133.69,135.3 1 0
github.com/marvelalexius/jones/mocks/IUserService.go:135.8,137.3 1 0
github.com/marvelalexius/jones/mocks/IUserService.go:139.2,139.69 1 0
github.com/marvelalexius/jones/mocks/IUserService.go:139.69,141.3 1 0
github.com/marvelalexius/jones/mocks/IUserService.go:141.8,143.3 1 0
github.com/marvelalexius/jones/mocks/IUserService.go:145.2,145.68 1 0
github.com/marvelalexius/jones/mocks/IUserService.go:145.68,147.3 1 0
github.com/marvelalexius/jones/mocks/IUserService.go:147.8,149.3 1 0
github.com/marvelalexius/jones/mocks/IUserService.go:151.2,151.19 1 0
github.com/marvelalexius/jones/mocks/IUserService.go:155.102,158.19 2 0
github.com/marvelalexius/jones/mocks/IUserService.go:158.19,159.50 1 0
github.com/marvelalexius/jones/mocks/IUserService.go:162.2,164.96 3 0
github.com/marvelalexius/jones/mocks/IUserService.go:164.96,166.3 1 0
github.com/marvelalexius/jones/mocks/IUserService.go:167.2,167.87 1 0
github.com/marvelalexius/jones/mocks/IUserService.go:167.87,169.3 1 0
github.com/marvelalexius/jones/mocks/IUserService.go:169.8,170.24 1 0
github.com/marvelalexius/jones/mocks/IUserService.go:170.24,172.4 1 0
github.com/marvelalexius/jones/mocks/IUserService.go:175.2,175.81 1 0
github.com/marvelalexius/jones/mocks/IUserService.go:175.81,177.3 1 0
github.com/marvelalexius/jones/mocks/IUserService.go:177.8,179.3 1 0
github.com/marvelalexius/jones/mocks/IUserService.go:181.2,181.15 1 0
github.com/marvelalexius/jones/mocks/IUserService.go:189.18,193.19 3 0
github.com/marvelalexius/jones/mocks/IUserService.go:193.19,193.49 1 0
github.com/marvelalexius/jones/mocks/IUserService.go:195.2,195.13 1 0
github.com/marvelalexius/jones/mocks/NotificationRepository.go:16.74,19.19 2 0
github.com/marvelalexius/jones/mocks/NotificationRepository.go:19.19,20.48 1 0
github.com/marvelalexius/jones/mocks/NotificationRepository.go:23.2,24.63 2 0
github.com/marvelalexius/jones/mocks/NotificationRepository.go:24.63,26.3 1 0
github.com/marvelalexius/jones/mocks/NotificationRepository.go:26.8,28.3 1 0
github.com/marvelalexius/jones/mocks/NotificationRepository.go:30.2,30.11 1 0
github.com/marvelalexius/jones/mocks/NotificationRepository.go:38.28,42.19 3 0
github.com/marvelalexius/jones/mocks/NotificationRepository.go:42.19,42.49 1 0
github.com/marvelalexius/jones/mocks/NotificationRepository.go:44.2,44.13 1 0
github.com/marvelalexius/jones/http/auth_http.go:12.48,14.47 2 0
github.com/marvelalexius/jones/http/auth_http.go:14.47,24.3 4 0
github.com/marvelalexius/jones/http/auth_http.go:26.2,27.16 2 0
github.com/marvelalexius/jones/http/auth_http.go:27.16,35.3 3 0
github.com/marvelalexius/jones/http/auth_http.go:37.2,38.16 2 0
github.com/marvelalexius/jones/http/auth_http.go:38.16,46.3 3 0
github.com/marvelalexius/jones/http/auth_http.go:48.2,69.4 1 0
github.com/marvelalexius/jones/http/auth_http.go:72.45,74.47 2 0
github.com/marvelalexius/jones/http/auth_http.go:74.47,84.3 4 0
github.com/marvelalexius/jones/http/auth_http.go:86.2,87.16 2 0
github.com/marvelalexius/jones/http/auth_http.go:87.16,95.3 3 0
github.com/marvelalexius/jones/http/auth_http.go:97.2,98.16 2 0
github.com/marvelalexius/jones/http/auth_http.go:98.16,106.3 3 0
github.com/marvelalexius/jones/http/auth_http.go:108.2,129.4 1 0
github.com/marvelalexius/jones/http/auth_http.go:132.56,134.47 2 0
github.com/marvelalexius/jones/http/auth_http.go:134.47,144.3 4 0
github.com/marvelalexius/jones/http/auth_http.go:146.2,147.16 2 0
github.com/marvelalexius/jones/http/auth_http.go:147.16,155.3 3 0
github.com/marvelalexius/jones/http/auth_http.go:157.2,163.4 1 0
github.com/marvelalexius/jones/http/http.go:17.187,19.2 1 0
github.com/marvelalexius/jones/http/http.go:21.49,23.2 2 0
github.com/marvelalexius/jones/http/http.go:23.2,25.3 2 0
github.com/marvelalexius/jones/http/http.go:25.3,39.4 10 0
github.com/marvelalexius/jones/http/reaction_http.go:12.52,14.13 2 0
github.com/marvelalexius/jones/http/reaction_http.go:14.13,21.3 3 0
github.com/marvelalexius/jones/http/reaction_http.go:23.2,24.16 2 0
github.com/marvelalexius/jones/http/reaction_http.go:24.16,32.3 3 0
github.com/marvelalexius/jones/http/reaction_http.go:34.2,40.4 1 0
github.com/marvelalexius/jones/http/reaction_http.go:43.45,45.13 2 0
github.com/marvelalexius/jones/http/reaction_http.go:45.13,52.3 3 0
github.com/marvelalexius/jones/http/reaction_http.go:54.2,55.47 2 0
github.com/marvelalexius/jones/http/reaction_http.go:55.47,64.3 4 0
github.com/marvelalexius/jones/http/reaction_http.go:66.2,68.16 3 0
github.com/marvelalexius/jones/http/reaction_http.go:68.16,76.3 3 0
github.com/marvelalexius/jones/http/reaction_http.go:78.2,81.4 1 0
github.com/marvelalexius/jones/http/reaction_http.go:84.48,86.13 2 0
github.com/marvelalexius/jones/http/reaction_http.go:86.13,93.3 3 0
github.com/marvelalexius/jones/http/reaction_http.go:95.2,96.16 2 0
github.com/marvelalexius/jones/http/reaction_http.go:96.16,104.3 3 0
github.com/marvelalexius/jones/http/reaction_http.go:106.2,109.4 1 0
github.com/marvelalexius/jones/http/subscription_http.go:16.49,18.13 2 0
github.com/marvelalexius/jones/http/subscription_http.go:18.13,25.3 3 0
github.com/marvelalexius/jones/http/subscription_http.go:27.2,28.47 2 0
github.com/marvelalexius/jones/http/subscription_http.go:28.47,37.3 4 0
github.com/marvelalexius/jones/http/subscription_http.go:39.2,40.16 2 0
github.com/marvelalexius/jones/http/subscription_http.go:40.16,48.3 3 0
github.com/marvelalexius/jones/http/subscription_http.go:50.2,53.4 1 0
github.com/marvelalexius/jones/http/subscription_http.go:56.58,58.13 2 0
github.com/marvelalexius/jones/http/subscription_http.go:58.13,65.3 3 0
github.com/marvelalexius/jones/http/subscription_http.go:67.2,68.16 2 0
github.com/marvelalexius/jones/http/subscription_http.go:68.16,76.3 3 0
github.com/marvelalexius/jones/http/subscription_http.go:78.2,81.4 1 0
github.com/marvelalexius/jones/http/subscription_http.go:84.54,86.16 2 0
github.com/marvelalexius/jones/http/subscription_http.go:86.16,94.3 3 0
github.com/marvelalexius/jones/http/subscription_http.go:96.2,97.16 2 0
github.com/marvelalexius/jones/http/subscription_http.go:97.16,105.3 3 0
github.com/marvelalexius/jones/http/subscription_http.go:107.2,107.20 1 0
github.com/marvelalexius/jones/http/subscription_http.go:108.39,111.71 2 0
github.com/marvelalexius/jones/http/subscription_http.go:111.71,119.4 3 0
github.com/marvelalexius/jones/http/subscription_http.go:121.3,121.68 1 0
github.com/marvelalexius/jones/http/subscription_http.go:122.39,125.71 2 0
github.com/marvelalexius/jones/http/subscription_http.go:125.71,133.4 3 0
github.com/marvelalexius/jones/http/subscription_http.go:135.3,135.68 1 0
github.com/marvelalexius/jones/http/subscription_http.go:136.22,139.66 2 0
github.com/marvelalexius/jones/http/subscription_http.go:139.66,147.4 3 0
github.com/marvelalexius/jones/http/subscription_http.go:149.3,149.55 1 0
github.com/marvelalexius/jones/http/subscription_http.go:150.32,153.66 2 0
github.com/marvelalexius/jones/http/subscription_http.go:153.66,161.4 3 0
github.com/marvelalexius/jones/http/subscription_http.go:163.3,163.77 1 0
github.com/marvelalexius/jones/http/subscription_http.go:166.2,168.4 1 0
github.com/marvelalexius/jones/utils/logger/logger.go:9.55,11.2 1 0
github.com/marvelalexius/jones/utils/logger/logger.go:13.56,15.2 1 0
github.com/marvelalexius/jones/utils/logger/logger.go:17.56,19.2 1 0
github.com/marvelalexius/jones/utils/logger/logger.go:21.58,23.2 1 0
github.com/marvelalexius/jones/utils/str/converter.go:5.37,9.2 2 0
github.com/marvelalexius/jones/utils/str/str.go:5.49,33.2 4 0
github.com/marvelalexius/jones/utils/str/token.go:14.84,24.16 4 0
github.com/marvelalexius/jones/utils/str/token.go:24.16,26.3 1 0
github.com/marvelalexius/jones/utils/str/token.go:28.2,28.25 1 0
github.com/marvelalexius/jones/utils/str/token.go:31.64,32.107 1 0
github.com/marvelalexius/jones/utils/str/token.go:32.107,34.3 1 0
github.com/marvelalexius/jones/utils/str/token.go:35.2,35.16 1 0
github.com/marvelalexius/jones/utils/str/token.go:35.16,37.3 1 0
github.com/marvelalexius/jones/utils/str/token.go:39.2,39.76 1 0
github.com/marvelalexius/jones/utils/str/token.go:39.76,41.3 1 0
github.com/marvelalexius/jones/utils/str/token.go:43.2,43.17 1 0
github.com/marvelalexius/jones/utils/response.go:30.50,31.18 1 0
github.com/marvelalexius/jones/utils/response.go:32.18,33.34 1 0
github.com/marvelalexius/jones/utils/response.go:34.15,35.43 1 0
github.com/marvelalexius/jones/utils/response.go:36.14,37.34 1 0
github.com/marvelalexius/jones/utils/response.go:38.13,39.45 1 0
github.com/marvelalexius/jones/utils/response.go:40.12,41.56 1 0
github.com/marvelalexius/jones/utils/response.go:42.13,43.48 1 0
github.com/marvelalexius/jones/utils/response.go:44.17,45.44 1 0
github.com/marvelalexius/jones/utils/response.go:46.18,47.41 1 0
github.com/marvelalexius/jones/utils/response.go:48.23,49.48 1 0
github.com/marvelalexius/jones/utils/response.go:50.13,51.44 1 0
github.com/marvelalexius/jones/utils/response.go:52.15,53.42 1 0
github.com/marvelalexius/jones/utils/response.go:54.13,55.48 1 0
github.com/marvelalexius/jones/utils/response.go:56.13,57.45 1 0
github.com/marvelalexius/jones/utils/response.go:58.16,59.30 1 0
github.com/marvelalexius/jones/utils/response.go:60.17,61.30 1 0
github.com/marvelalexius/jones/utils/response.go:62.17,63.31 1 0
github.com/marvelalexius/jones/utils/response.go:64.12,65.60 1 0
github.com/marvelalexius/jones/utils/response.go:66.10,67.25 1 0
github.com/marvelalexius/jones/utils/response.go:71.57,76.33 3 0
github.com/marvelalexius/jones/utils/response.go:76.33,78.3 1 0
github.com/marvelalexius/jones/utils/response.go:80.2,80.25 1 0
github.com/marvelalexius/jones/utils/response.go:80.25,82.25 2 0
github.com/marvelalexius/jones/utils/response.go:82.25,84.4 1 0
github.com/marvelalexius/jones/utils/response.go:85.3,85.13 1 0
github.com/marvelalexius/jones/utils/response.go:88.2,88.12 1 0
github.com/marvelalexius/jones/utils/response.go:91.60,93.2 1 0
github.com/marvelalexius/jones/utils/response.go:95.64,97.2 1 0
github.com/marvelalexius/jones/config/config.go:38.27,54.2 12 0
github.com/marvelalexius/jones/config/config.go:56.27,69.2 9 0
github.com/marvelalexius/jones/config/config.go:71.50,74.16 3 0
github.com/marvelalexius/jones/config/config.go:74.16,78.3 2 0
github.com/marvelalexius/jones/config/config.go:80.2,80.16 1 0
github.com/marvelalexius/jones/config/config.go:83.45,85.16 2 0
github.com/marvelalexius/jones/config/config.go:85.16,89.3 2 0
github.com/marvelalexius/jones/config/config.go:91.2,91.37 1 0
github.com/marvelalexius/jones/config/config.go:91.37,93.3 1 0
github.com/marvelalexius/jones/mocks/INotificationRepository.go:16.75,19.19 2 1
github.com/marvelalexius/jones/mocks/INotificationRepository.go:19.19,20.48 1 0
github.com/marvelalexius/jones/mocks/INotificationRepository.go:23.2,24.63 2 1
github.com/marvelalexius/jones/mocks/INotificationRepository.go:24.63,26.3 1 0
github.com/marvelalexius/jones/mocks/INotificationRepository.go:26.8,28.3 1 1
github.com/marvelalexius/jones/mocks/INotificationRepository.go:30.2,30.11 1 1
github.com/marvelalexius/jones/mocks/INotificationRepository.go:38.29,42.19 3 0
github.com/marvelalexius/jones/mocks/INotificationRepository.go:42.19,42.49 1 0
github.com/marvelalexius/jones/mocks/INotificationRepository.go:44.2,44.13 1 0
github.com/marvelalexius/jones/mocks/IReactionRepository.go:18.91,21.19 2 1
github.com/marvelalexius/jones/mocks/IReactionRepository.go:21.19,22.48 1 0
github.com/marvelalexius/jones/mocks/IReactionRepository.go:25.2,26.76 2 1
github.com/marvelalexius/jones/mocks/IReactionRepository.go:26.76,28.3 1 0
github.com/marvelalexius/jones/mocks/IReactionRepository.go:28.8,30.3 1 1
github.com/marvelalexius/jones/mocks/IReactionRepository.go:32.2,32.11 1 1
github.com/marvelalexius/jones/mocks/IReactionRepository.go:36.104,39.19 2 1
github.com/marvelalexius/jones/mocks/IReactionRepository.go:39.19,40.51 1 0
github.com/marvelalexius/jones/mocks/IReactionRepository.go:43.2,45.88 3 1
github.com/marvelalexius/jones/mocks/IReactionRepository.go:45.88,47.3 1 0
github.com/marvelalexius/jones/mocks/IReactionRepository.go:48.2,48.79 1 1
github.com/marvelalexius/jones/mocks/IReactionRepository.go:48.79,50.3 1 0
github.com/marvelalexius/jones/mocks/IReactionRepository.go:50.8,51.24 1 1
github.com/marvelalexius/jones/mocks/IReactionRepository.go:51.24,53.4 1 1
github.com/marvelalexius/jones/mocks/IReactionRepository.go:56.2,56.68 1 1
github.com/marvelalexius/jones/mocks/IReactionRepository.go:56.68,58.3 1 0
github.com/marvelalexius/jones/mocks/IReactionRepository.go:58.8,60.3 1 1
github.com/marvelalexius/jones/mocks/IReactionRepository.go:62.2,62.15 1 1
github.com/marvelalexius/jones/mocks/IReactionRepository.go:66.124,69.19 2 1
github.com/marvelalexius/jones/mocks/IReactionRepository.go:69.19,70.51 1 0
github.com/marvelalexius/jones/mocks/IReactionRepository.go:73.2,75.94 3 1
github.com/marvelalexius/jones/mocks/IReactionRepository.go:75.94,77.3 1 0
github.com/marvelalexius/jones/mocks/IReactionRepository.go:78.2,78.85 1 1
github.com/marvelalexius/jones/mocks/IReactionRepository.go:78.85,80.3 1 0
github.com/marvelalexius/jones/mocks/IReactionRepository.go:80.8,82.3 1 1
github.com/marvelalexius/jones/mocks/IReactionRepository.go:84.2,84.76 1 1
github.com/marvelalexius/jones/mocks/IReactionRepository.go:84.76,86.3 1 0
github.com/marvelalexius/jones/mocks/IReactionRepository.go:86.8,88.3 1 1
github.com/marvelalexius/jones/mocks/IReactionRepository.go:90.2,90.15 1 1
github.com/marvelalexius/jones/mocks/IReactionRepository.go:94.98,97.19 2 1
github.com/marvelalexius/jones/mocks/IReactionRepository.go:97.19,98.56 1 0
github.com/marvelalexius/jones/mocks/IReactionRepository.go:101.2,103.77 3 1
github.com/marvelalexius/jones/mocks/IReactionRepository.go:103.77,105.3 1 0
github.com/marvelalexius/jones/mocks/IReactionRepository.go:106.2,106.68 1 1
github.com/marvelalexius/jones/mocks/IReactionRepository.go:106.68,108.3 1 0
github.com/marvelalexius/jones/mocks/IReactionRepository.go:108.8,110.3 1 1
github.com/marvelalexius/jones/mocks/IReactionRepository.go:112.2,112.68 1 1
github.com/marvelalexius/jones/mocks/IReactionRepository.go:112.68,114.3 1 0
github.com/marvelalexius/jones/mocks/IReactionRepository.go:114.8,116.3 1 1
github.com/marvelalexius/jones/mocks/IReactionRepository.go:118.2,118.15 1 1
github.com/marvelalexius/jones/mocks/IReactionRepository.go:122.105,125.19 2 1
github.com/marvelalexius/jones/mocks/IReactionRepository.go:125.19,126.52 1 0
github.com/marvelalexius/jones/mocks/IReactionRepository.go:129.2,131.88 3 1
github.com/marvelalexius/jones/mocks/IReactionRepository.go:131.88,133.3 1 0
github.com/marvelalexius/jones/mocks/IReactionRepository.go:134.2,134.79 1 1
github.com/marvelalexius/jones/mocks/IReactionRepository.go:134.79,136.3 1 0
github.com/marvelalexius/jones/mocks/IReactionRepository.go:136.8,137.24 1 1
github.com/marvelalexius/jones/mocks/IReactionRepository.go:137.24,139.4 1 1
github.com/marvelalexius/jones/mocks/IReactionRepository.go:142.2,142.68 1 1
github.com/marvelalexius/jones/mocks/IReactionRepository.go:142.68,144.3 1 0
github.com/marvelalexius/jones/mocks/IReactionRepository.go:144.8,146.3 1 1
github.com/marvelalexius/jones/mocks/IReactionRepository.go:148.2,148.15 1 1
github.com/marvelalexius/jones/mocks/IReactionRepository.go:152.124,155.19 2 1
github.com/marvelalexius/jones/mocks/IReactionRepository.go:155.19,156.51 1 0
github.com/marvelalexius/jones/mocks/IReactionRepository.go:159.2,161.94 3 1
github.com/marvelalexius/jones/mocks/IReactionRepository.go:161.94,163.3 1 0
github.com/marvelalexius/jones/mocks/IReactionRepository.go:164.2,164.85 1 1
github.com/marvelalexius/jones/mocks/IReactionRepository.go:164.85,166.3 1 0
github.com/marvelalexius/jones/mocks/IReactionRepository.go:166.8,168.3 1 1
github.com/marvelalexius/jones/mocks/IReactionRepository.go:170.2,170.76 1 1
github.com/marvelalexius/jones/mocks/IReactionRepository.go:170.76,172.3 1 0
github.com/marvelalexius/jones/mocks/IReactionRepository.go:172.8,174.3 1 1
github.com/marvelalexius/jones/mocks/IReactionRepository.go:176.2,176.15 1 1
github.com/marvelalexius/jones/mocks/IReactionRepository.go:180.92,183.19 2 1
github.com/marvelalexius/jones/mocks/IReactionRepository.go:183.19,184.48 1 0
github.com/marvelalexius/jones/mocks/IReactionRepository.go:187.2,188.77 2 1
github.com/marvelalexius/jones/mocks/IReactionRepository.go:188.77,190.3 1 0
github.com/marvelalexius/jones/mocks/IReactionRepository.go:190.8,192.3 1 1
github.com/marvelalexius/jones/mocks/IReactionRepository.go:194.2,194.11 1 1
github.com/marvelalexius/jones/mocks/IReactionRepository.go:202.25,206.19 3 0
github.com/marvelalexius/jones/mocks/IReactionRepository.go:206.19,206.49 1 0
github.com/marvelalexius/jones/mocks/IReactionRepository.go:208.2,208.13 1 0
github.com/marvelalexius/jones/mocks/IReactionService.go:18.100,21.19 2 0
github.com/marvelalexius/jones/mocks/IReactionService.go:21.19,22.50 1 0
github.com/marvelalexius/jones/mocks/IReactionService.go:25.2,27.88 3 0
github.com/marvelalexius/jones/mocks/IReactionService.go:27.88,29.3 1 0
github.com/marvelalexius/jones/mocks/IReactionService.go:30.2,30.79 1 0
github.com/marvelalexius/jones/mocks/IReactionService.go:30.79,32.3 1 0
github.com/marvelalexius/jones/mocks/IReactionService.go:32.8,33.24 1 0
github.com/marvelalexius/jones/mocks/IReactionService.go:33.24,35.4 1 0
github.com/marvelalexius/jones/mocks/IReactionService.go:38.2,38.68 1 0
github.com/marvelalexius/jones/mocks/IReactionService.go:38.68,40.3 1 0
github.com/marvelalexius/jones/mocks/IReactionService.go:40.8,42.3 1 0
github.com/marvelalexius/jones/mocks/IReactionService.go:44.2,44.15 1 0
github.com/marvelalexius/jones/mocks/IReactionService.go:48.112,51.19 2 0
github.com/marvelalexius/jones/mocks/IReactionService.go:51.19,52.47 1 0
github.com/marvelalexius/jones/mocks/IReactionService.go:55.2,57.101 3 0
github.com/marvelalexius/jones/mocks/IReactionService.go:57.101,59.3 1 0
github.com/marvelalexius/jones/mocks/IReactionService.go:60.2,60.92 1 0
github.com/marvelalexius/jones/mocks/IReactionService.go:60.92,62.3 1 0
github.com/marvelalexius/jones/mocks/IReactionService.go:62.8,64.3 1 0
github.com/marvelalexius/jones/mocks/IReactionService.go:66.2,66.83 1 0
github.com/marvelalexius/jones/mocks/IReactionService.go:66.83,68.3 1 0
github.com/marvelalexius/jones/mocks/IReactionService.go:68.8,70.3 1 0
github.com/marvelalexius/jones/mocks/IReactionService.go:72.2,72.15 1 0
github.com/marvelalexius/jones/mocks/IReactionService.go:80.22,84.19 3 0
github.com/marvelalexius/jones/mocks/IReactionService.go:84.19,84.49 1 0
github.com/marvelalexius/jones/mocks/IReactionService.go:86.2,86.13 1 0
github.com/marvelalexius/jones/mocks/IStripeClient.go:19.131,22.19 2 1
github.com/marvelalexius/jones/mocks/IStripeClient.go:22.19,23.68 1 0
github.com/marvelalexius/jones/mocks/IStripeClient.go:26.2,28.100 3 1
github.com/marvelalexius/jones/mocks/IStripeClient.go:28.100,30.3 1 0
github.com/marvelalexius/jones/mocks/IStripeClient.go:31.2,31.91 1 1
github.com/marvelalexius/jones/mocks/IStripeClient.go:31.91,33.3 1 0
github.com/marvelalexius/jones/mocks/IStripeClient.go:33.8,34.24 1 1
github.com/marvelalexius/jones/mocks/IStripeClient.go:34.24,36.4 1 1
github.com/marvelalexius/jones/mocks/IStripeClient.go:39.2,39.68 1 1
github.com/marvelalexius/jones/mocks/IStripeClient.go:39.68,41.3 1 0
github.com/marvelalexius/jones/mocks/IStripeClient.go:41.8,43.3 1 1
github.com/marvelalexius/jones/mocks/IStripeClient.go:45.2,45.15 1 1
github.com/marvelalexius/jones/mocks/IStripeClient.go:49.136,52.19 2 1
github.com/marvelalexius/jones/mocks/IStripeClient.go:52.19,53.63 1 0
github.com/marvelalexius/jones/mocks/IStripeClient.go:56.2,58.103 3 1
github.com/marvelalexius/jones/mocks/IStripeClient.go:58.103,60.3 1 0
github.com/marvelalexius/jones/mocks/IStripeClient.go:61.2,61.94 1 1
github.com/marvelalexius/jones/mocks/IStripeClient.go:61.94,63.3 1 0
github.com/marvelalexius/jones/mocks/IStripeClient.go:63.8,64.24 1 1
github.com/marvelalexius/jones/mocks/IStripeClient.go:64.24,66.4 1 1
github.com/marvelalexius/jones/mocks/IStripeClient.go:69.2,69.76 1 1
github.com/marvelalexius/jones/mocks/IStripeClient.go:69.76,71.3 1 0
github.com/marvelalexius/jones/mocks/IStripeClient.go:71.8,73.3 1 1
github.com/marvelalexius/jones/mocks/IStripeClient.go:75.2,75.15 1 1
github.com/marvelalexius/jones/mocks/IStripeClient.go:79.115,82.19 2 1
github.com/marvelalexius/jones/mocks/IStripeClient.go:82.19,83.56 1 0
github.com/marvelalexius/jones/mocks/IStripeClient.go:86.2,88.96 3 1
github.com/marvelalexius/jones/mocks/IStripeClient.go:88.96,90.3 1 0
github.com/marvelalexius/jones/mocks/IStripeClient.go:91.2,91.87 1 1
github.com/marvelalexius/jones/mocks/IStripeClient.go:91.87,93.3 1 0
github.com/marvelalexius/jones/mocks/IStripeClient.go:93.8,94.24 1 1
github.com/marvelalexius/jones/mocks/IStripeClient.go:94.24,96.4 1 1
github.com/marvelalexius/jones/mocks/IStripeClient.go:99.2,99.76 1 1
github.com/marvelalexius/jones/mocks/IStripeClient.go:99.76,101.3 1 0
github.com/marvelalexius/jones/mocks/IStripeClient.go:101.8,103.3 1 1
github.com/marvelalexius/jones/mocks/IStripeClient.go:105.2,105.15 1 1
github.com/marvelalexius/jones/mocks/IStripeClient.go:113.19,117.19 3 0
github.com/marvelalexius/jones/mocks/IStripeClient.go:117.19,117.49 1 0
github.com/marvelalexius/jones/mocks/IStripeClient.go:119.2,119.13 1 0
github.com/marvelalexius/jones/mocks/ISubscriptionRepository.go:18.92,21.19 2 0
github.com/marvelalexius/jones/mocks/ISubscriptionRepository.go:21.19,22.56 1 0
github.com/marvelalexius/jones/mocks/ISubscriptionRepository.go:25.2,26.69 2 0
github.com/marvelalexius/jones/mocks/ISubscriptionRepository.go:26.69,28.3 1 0
github.com/marvelalexius/jones/mocks/ISubscriptionRepository.go:28.8,30.3 1 0
github.com/marvelalexius/jones/mocks/ISubscriptionRepository.go:32.2,32.11 1 0
github.com/marvelalexius/jones/mocks/ISubscriptionRepository.go:36.103,39.19 2 1
github.com/marvelalexius/jones/mocks/ISubscriptionRepository.go:39.19,40.48 1 0
github.com/marvelalexius/jones/mocks/ISubscriptionRepository.go:43.2,44.80 2 1
github.com/marvelalexius/jones/mocks/ISubscriptionRepository.go:44.80,46.3 1 0
github.com/marvelalexius/jones/mocks/ISubscriptionRepository.go:46.8,48.3 1 1
github.com/marvelalexius/jones/mocks/ISubscriptionRepository.go:50.2,50.11 1 1
github.com/marvelalexius/jones/mocks/ISubscriptionRepository.go:54.95,57.19 2 0
github.com/marvelalexius/jones/mocks/ISubscriptionRepository.go:57.19,58.49 1 0
github.com/marvelalexius/jones/mocks/ISubscriptionRepository.go:61.2,63.84 3 0
github.com/marvelalexius/jones/mocks/ISubscriptionRepository.go:63.84,65.3 1 0
github.com/marvelalexius/jones/mocks/ISubscriptionRepository.go:66.2,66.75 1 0
github.com/marvelalexius/jones/mocks/ISubscriptionRepository.go:66.75,68.3 1 0
github.com/marvelalexius/jones/mocks/ISubscriptionRepository.go:68.8,69.24 1 0
github.com/marvelalexius/jones/mocks/ISubscriptionRepository.go:69.24,71.4 1 0
github.com/marvelalexius/jones/mocks/ISubscriptionRepository.go:74.2,74.60 1 0
github.com/marvelalexius/jones/mocks/ISubscriptionRepository.go:74.60,76.3 1 0
github.com/marvelalexius/jones/mocks/ISubscriptionRepository.go:76.8,78.3 1 0
github.com/marvelalexius/jones/mocks/ISubscriptionRepository.go:80.2,80.15 1 0
github.com/marvelalexius/jones/mocks/ISubscriptionRepository.go:84.103,87.19 2 0
github.com/marvelalexius/jones/mocks/ISubscriptionRepository.go:87.19,88.53 1 0
github.com/marvelalexius/jones/mocks/ISubscriptionRepository.go:91.2,93.88 3 0
github.com/marvelalexius/jones/mocks/ISubscriptionRepository.go:93.88,95.3 1 0
github.com/marvelalexius/jones/mocks/ISubscriptionRepository.go:96.2,96.79 1 0
github.com/marvelalexius/jones/mocks/ISubscriptionRepository.go:96.79,98.3 1 0
github.com/marvelalexius/jones/mocks/ISubscriptionRepository.go:98.8,99.24 1 0
github.com/marvelalexius/jones/mocks/ISubscriptionRepository.go:99.24,101.4 1 0
github.com/marvelalexius/jones/mocks/ISubscriptionRepository.go:104.2,104.60 1 0
github.com/marvelalexius/jones/mocks/ISubscriptionRepository.go:104.60,106.3 1 0
github.com/marvelalexius/jones/mocks/ISubscriptionRepository.go:106.8,108.3 1 0
github.com/marvelalexius/jones/mocks/ISubscriptionRepository.go:110.2,110.15 1 0
github.com/marvelalexius/jones/mocks/ISubscriptionRepository.go:114.106,117.19 2 0
github.com/marvelalexius/jones/mocks/ISubscriptionRepository.go:117.19,118.50 1 0
github.com/marvelalexius/jones/mocks/ISubscriptionRepository.go:121.2,123.91 3 0
github.com/marvelalexius/jones/mocks/ISubscriptionRepository.go:123.91,125.3 1 0
github.com/marvelalexius/jones/mocks/ISubscriptionRepository.go:126.2,126.82 1 0
github.com/marvelalexius/jones/mocks/ISubscriptionRepository.go:126.82,128.3 1 0
github.com/marvelalexius/jones/mocks/ISubscriptionRepository.go:128.8,129.24 1 0
github.com/marvelalexius/jones/mocks/ISubscriptionRepository.go:129.24,131.4 1 0
github.com/marvelalexius/jones/mocks/ISubscriptionRepository.go:134.2,134.68 1 0
github.com/marvelalexius/jones/mocks/ISubscriptionRepository.go:134.68,136.3 1 0
github.com/marvelalexius/jones/mocks/ISubscriptionRepository.go:136.8,138.3 1 0
github.com/marvelalexius/jones/mocks/ISubscriptionRepository.go:140.2,140.15 1 0
github.com/marvelalexius/jones/mocks/ISubscriptionRepository.go:144.124,147.19 2 0
github.com/marvelalexius/jones/mocks/ISubscriptionRepository.go:147.19,148.68 1 0
github.com/marvelalexius/jones/mocks/ISubscriptionRepository.go:151.2,153.91 3 0
github.com/marvelalexius/jones/mocks/ISubscriptionRepository.go:153.91,155.3 1 0
github.com/marvelalexius/jones/mocks/ISubscriptionRepository.go:156.2,156.82 1 0
github.com/marvelalexius/jones/mocks/ISubscriptionRepository.go:156.82,158.3 1 0
github.com/marvelalexius/jones/mocks/ISubscriptionRepository.go:158.8,159.24 1 0
github.com/marvelalexius/jones/mocks/ISubscriptionRepository.go:159.24,161.4 1 0
github.com/marvelalexius/jones/mocks/ISubscriptionRepository.go:164.2,164.68 1 0
github.com/marvelalexius/jones/mocks/ISubscriptionRepository.go:164.68,166.3 1 0
github.com/marvelalexius/jones/mocks/ISubscriptionRepository.go:166.8,168.3 1 0
github.com/marvelalexius/jones/mocks/ISubscriptionRepository.go:170.2,170.15 1 0
github.com/marvelalexius/jones/mocks/ISubscriptionRepository.go:174.145,177.19 2 1
github.com/marvelalexius/jones/mocks/ISubscriptionRepository.go:177.19,178.77 1 0
github.com/marvelalexius/jones/mocks/ISubscriptionRepository.go:181.2,183.96 3 1
github.com/marvelalexius/jones/mocks/ISubscriptionRepository.go:183.96,185.3 1 0
github.com/marvelalexius/jones/mocks/ISubscriptionRepository.go:186.2,186.87 1 1
github.com/marvelalexius/jones/mocks/ISubscriptionRepository.go:186.87,188.3 1 0
github.com/marvelalexius/jones/mocks/ISubscriptionRepository.go:188.8,189.24 1 1
github.com/marvelalexius/jones/mocks/ISubscriptionRepository.go:189.24,191.4 1 1
github.com/marvelalexius/jones/mocks/ISubscriptionRepository.go:194.2,194.73 1 1
github.com/marvelalexius/jones/mocks/ISubscriptionRepository.go:194.73,196.3 1 0
github.com/marvelalexius/jones/mocks/ISubscriptionRepository.go:196.8,198.3 1 1
github.com/marvelalexius/jones/mocks/ISubscriptionRepository.go:200.2,200.15 1 1
github.com/marvelalexius/jones/mocks/ISubscriptionRepository.go:204.114,207.19 2 1
github.com/marvelalexius/jones/mocks/ISubscriptionRepository.go:207.19,208.54 1 0
github.com/marvelalexius/jones/mocks/ISubscriptionRepository.go:211.2,213.91 3 1
github.com/marvelalexius/jones/mocks/ISubscriptionRepository.go:213.91,215.3 1 0
github.com/marvelalexius/jones/mocks/ISubscriptionRepository.go:216.2,216.82 1 1
github.com/marvelalexius/jones/mocks/ISubscriptionRepository.go:216.82,218.3 1 0
github.com/marvelalexius/jones/mocks/ISubscriptionRepository.go:218.8,219.24 1 1
github.com/marvelalexius/jones/mocks/ISubscriptionRepository.go:219.24,221.4 1 1
github.com/marvelalexius/jones/mocks/ISubscriptionRepository.go:224.2,224.68 1 1
github.com/marvelalexius/jones/mocks/ISubscriptionRepository.go:224.68,226.3 1 0
github.com/marvelalexius/jones/mocks/ISubscriptionRepository.go:226.8,228.3 1 1
github.com/marvelalexius/jones/mocks/ISubscriptionRepository.go:230.2,230.15 1 1
github.com/marvelalexius/jones/mocks/ISubscriptionRepository.go:234.111,237.19 2 1
github.com/marvelalexius/jones/mocks/ISubscriptionRepository.go:237.19,238.54 1 0
github.com/marvelalexius/jones/mocks/ISubscriptionRepository.go:241.2,243.92 3 1
github.com/marvelalexius/jones/mocks/ISubscriptionRepository.go:243.92,245.3 1 0
github.com/marvelalexius/jones/mocks/ISubscriptionRepository.go:246.2,246.83 1 1
github.com/marvelalexius/jones/mocks/ISubscriptionRepository.go:246.83,248.3 1 0
github.com/marvelalexius/jones/mocks/ISubscriptionRepository.go:248.8,249.24 1 1
github.com/marvelalexius/jones/mocks/ISubscriptionRepository.go:249.24,251.4 1 1
github.com/marvelalexius/jones/mocks/ISubscriptionRepository.go:254.2,254.65 1 1
github.com/marvelalexius/jones/mocks/ISubscriptionRepository.go:254.65,256.3 1 0
github.com/marvelalexius/jones/mocks/ISubscriptionRepository.go:256.8,258.3 1 1
github.com/marvelalexius/jones/mocks/ISubscriptionRepository.go:260.2,260.15 1 1
github.com/marvelalexius/jones/mocks/ISubscriptionRepository.go:264.121,267.19 2 1
github.com/marvelalexius/jones/mocks/ISubscriptionRepository.go:267.19,268.61 1 0
github.com/marvelalexius/jones/mocks/ISubscriptionRepository.go:271.2,273.95 3 1
github.com/marvelalexius/jones/mocks/ISubscriptionRepository.go:273.95,275.3 1 0
github.com/marvelalexius/jones/mocks/ISubscriptionRepository.go:276.2,276.86 1 1
github.com/marvelalexius/jones/mocks/ISubscriptionRepository.go:276.86,278.3 1 0
github.com/marvelalexius/jones/mocks/ISubscriptionRepository.go:278.8,279.24 1 1
github.com/marvelalexius/jones/mocks/ISubscriptionRepository.go:279.24,281.4 1 1
github.com/marvelalexius/jones/mocks/ISubscriptionRepository.go:284.2,284.68 1 1
github.com/marvelalexius/jones/mocks/ISubscriptionRepository.go:284.68,286.3 1 0
github.com/marvelalexius/jones/mocks/ISubscriptionRepository.go:286.8,288.3 1 1
github.com/marvelalexius/jones/mocks/ISubscriptionRepository.go:290.2,290.15 1 1
github.com/marvelalexius/jones/mocks/ISubscriptionRepository.go:294.104,297.19 2 1
github.com/marvelalexius/jones/mocks/ISubscriptionRepository.go:297.19,298.48 1 0
github.com/marvelalexius/jones/mocks/ISubscriptionRepository.go:301.2,302.81 2 1
github.com/marvelalexius/jones/mocks/ISubscriptionRepository.go:302.81,304.3 1 0
github.com/marvelalexius/jones/mocks/ISubscriptionRepository.go:304.8,306.3 1 1
github.com/marvelalexius/jones/mocks/ISubscriptionRepository.go:308.2,308.11 1 1
github.com/marvelalexius/jones/mocks/ISubscriptionRepository.go:316.29,320.19 3 0
github.com/marvelalexius/jones/mocks/ISubscriptionRepository.go:320.19,320.49 1 0
github.com/marvelalexius/jones/mocks/ISubscriptionRepository.go:322.2,322.13 1 0
github.com/marvelalexius/jones/mocks/ISubscriptionService.go:20.100,23.19 2 0
github.com/marvelalexius/jones/mocks/ISubscriptionService.go:23.19,24.56 1 0
github.com/marvelalexius/jones/mocks/ISubscriptionService.go:27.2,29.78 3 0
github.com/marvelalexius/jones/mocks/ISubscriptionService.go:29.78,31.3 1 0
github.com/marvelalexius/jones/mocks/ISubscriptionService.go:32.2,32.69 1 0
github.com/marvelalexius/jones/mocks/ISubscriptionService.go:32.69,34.3 1 0
github.com/marvelalexius/jones/mocks/ISubscriptionService.go:34.8,36.3 1 0
github.com/marvelalexius/jones/mocks/ISubscriptionService.go:38.2,38.68 1 0
github.com/marvelalexius/jones/mocks/ISubscriptionService.go:38.68,40.3 1 0
github.com/marvelalexius/jones/mocks/ISubscriptionService.go:40.8,42.3 1 0
github.com/marvelalexius/jones/mocks/ISubscriptionService.go:44.2,44.15 1 0
github.com/marvelalexius/jones/mocks/ISubscriptionService.go:48.103,51.19 2 0
github.com/marvelalexius/jones/mocks/ISubscriptionService.go:51.19,52.59 1 0
github.com/marvelalexius/jones/mocks/ISubscriptionService.go:55.2,56.77 2 0
github.com/marvelalexius/jones/mocks/ISubscriptionService.go:56.77,58.3 1 0
github.com/marvelalexius/jones/mocks/ISubscriptionService.go:58.8,60.3 1 0
github.com/marvelalexius/jones/mocks/ISubscriptionService.go:62.2,62.11 1 0
github.com/marvelalexius/jones/mocks/ISubscriptionService.go:66.109,69.19 2 0
github.com/marvelalexius/jones/mocks/ISubscriptionService.go:69.19,70.68 1 0
github.com/marvelalexius/jones/mocks/ISubscriptionService.go:73.2,74.68 2 0
github.com/marvelalexius/jones/mocks/ISubscriptionService.go:74.68,76.3 1 0
github.com/marvelalexius/jones/mocks/ISubscriptionService.go:76.8,78.3 1 0
github.com/marvelalexius/jones/mocks/ISubscriptionService.go:80.2,80.11 1 0
github.com/marvelalexius/jones/mocks/ISubscriptionService.go:84.127,87.19 2 0
github.com/marvelalexius/jones/mocks/ISubscriptionService.go:87.19,88.67 1 0
github.com/marvelalexius/jones/mocks/ISubscriptionService.go:91.2,92.82 2 0
github.com/marvelalexius/jones/mocks/ISubscriptionService.go:92.82,94.3 1 0
github.com/marvelalexius/jones/mocks/ISubscriptionService.go:94.8,96.3 1 0
github.com/marvelalexius/jones/mocks/ISubscriptionService.go:98.2,98.11 1 0
github.com/marvelalexius/jones/mocks/ISubscriptionService.go:102.127,105.19 2 0
github.com/marvelalexius/jones/mocks/ISubscriptionService.go:105.19,106.67 1 0
github.com/marvelalexius/jones/mocks/ISubscriptionService.go:109.2,110.82 2 0
github.com/marvelalexius/jones/mocks/ISubscriptionService.go:110.82,112.3 1 0
github.com/marvelalexius/jones/mocks/ISubscriptionService.go:112.8,114.3 1 0
github.com/marvelalexius/jones/mocks/ISubscriptionService.go:116.2,116.11 1 0
github.com/marvelalexius/jones/mocks/ISubscriptionService.go:120.126,123.19 2 0
github.com/marvelalexius/jones/mocks/ISubscriptionService.go:123.19,124.51 1 0
github.com/marvelalexius/jones/mocks/ISubscriptionService.go:127.2,129.105 3 0
github.com/marvelalexius/jones/mocks/ISubscriptionService.go:129.105,131.3 1 0
github.com/marvelalexius/jones/mocks/ISubscriptionService.go:132.2,132.96 1 0
github.com/marvelalexius/jones/mocks/ISubscriptionService.go:132.96,134.3 1 0
github.com/marvelalexius/jones/mocks/ISubscriptionService.go:134.8,136.3 1 0
github.com/marvelalexius/jones/mocks/ISubscriptionService.go:138.2,138.95 1 0
github.com/marvelalexius/jones/mocks/ISubscriptionService.go:138.95,140.3 1 0
github.com/marvelalexius/jones/mocks/ISubscriptionService.go:140.8,142.3 1 0
github.com/marvelalexius/jones/mocks/ISubscriptionService.go:144.2,144.15 1 0
github.com/marvelalexius/jones/mocks/ISubscriptionService.go:152.26,156.19 3 0
github.com/marvelalexius/jones/mocks/ISubscriptionService.go:156.19,156.49 1 0
github.com/marvelalexius/jones/mocks/ISubscriptionService.go:158.2,158.13 1 0
github.com/marvelalexius/jones/mocks/IUserRepository.go:18.59,21.19 2 1
github.com/marvelalexius/jones/mocks/IUserRepository.go:21.19,22.48 1 0
github.com/marvelalexius/jones/mocks/IUserRepository.go:25.2,26.56 2 1
github.com/marvelalexius/jones/mocks/IUserRepository.go:26.56,28.3 1 0
github.com/marvelalexius/jones/mocks/IUserRepository.go:28.8,30.3 1 1
github.com/marvelalexius/jones/mocks/IUserRepository.go:32.2,32.11 1 1
github.com/marvelalexius/jones/mocks/IUserRepository.go:36.123,39.19 2 1
github.com/marvelalexius/jones/mocks/IUserRepository.go:39.19,40.49 1 0
github.com/marvelalexius/jones/mocks/IUserRepository.go:43.2,46.101 4 1
github.com/marvelalexius/jones/mocks/IUserRepository.go:46.101,48.3 1 0
github.com/marvelalexius/jones/mocks/IUserRepository.go:49.2,49.85 1 1
github.com/marvelalexius/jones/mocks/IUserRepository.go:49.85,51.3 1 0
github.com/marvelalexius/jones/mocks/IUserRepository.go:51.8,52.24 1 1
github.com/marvelalexius/jones/mocks/IUserRepository.go:52.24,54.4 1 1
github.com/marvelalexius/jones/mocks/IUserRepository.go:57.2,57.78 1 1
github.com/marvelalexius/jones/mocks/IUserRepository.go:57.78,59.3 1 0
github.com/marvelalexius/jones/mocks/IUserRepository.go:59.8,61.3 1 1
[...]
github.com/marvelalexius/jones/mocks/IUserService.go:130.86,132.3 1 0
github.com/marvelalexius/jones/mocks/IUserService.go:133.2,133.69 1 0
github.com/marvelalexius/jones/mocks/IUserService.go:133.69,135.3 1 0
github.com/marvelalexius/jones/mocks/IUserService.go:135.8,137.3 1 0
github.com/marvelalexius/jones/mocks/IUserService.go:139.2,139.69 1 0
github.com/marvelalexius/jones/mocks/IUserService.go:139.69,141.3 1 0
github.com/marvelalexius/jones/mocks/IUserService.go:141.8,143.3 1 0
github.com/marvelalexius/jones/mocks/IUserService.go:145.2,145.68 1 0
github.com/marvelalexius/jones/mocks/IUserService.go:145.68,147.3 1 0
github.com/marvelalexius/jones/mocks/IUserService.go:147.8,149.3 1 0
github.com/marvelalexius/jones/mocks/IUserService.go:151.2,151.19 1 0
github.com/marvelalexius/jones/mocks/IUserService.go:155.102,158.19 2 0
github.com/marvelalexius/jones/mocks/IUserService.go:158.19,159.50 1 0
github.com/marvelalexius/jones/mocks/IUserService.go:162.2,164.96 3 0
github.com/marvelalexius/jones/mocks/IUserService.go:164.96,166.3 1 0
github.com/marvelalexius/jones/mocks/IUserService.go:167.2,167.87 1 0
github.com/marvelalexius/jones/mocks/IUserService.go:167.87,169.3 1 0
github.com/marvelalexius/jones/mocks/IUserService.go:169.8,170.24 1 0
github.com/marvelalexius/jones/mocks/IUserService.go:170.24,172.4 1 0
github.com/marvelalexius/jones/mocks/IUserService.go:175.2,175.81 1 0
github.com/marvelalexius/jones/mocks/IUserService.go:175.81,177.3 1 0
github.com/marvelalexius/jones/mocks/IUserService.go:177.8,179.3 1 0
github.com/marvelalexius/jones/mocks/IUserService.go:181.2,181.15 1 0
github.com/marvelalexius/jones/mocks/IUserService.go:189.18,193.19 3 0
github.com/marvelalexius/jones/mocks/IUserService.go:193.19,193.49 1 0
github.com/marvelalexius/jones/mocks/IUserService.go:195.2,195.13 1 0
github.com/marvelalexius/jones/mocks/NotificationRepository.go:16.74,19.19 2 0
github.com/marvelalexius/jones/mocks/NotificationRepository.go:19.19,20.48 1 0
github.com/marvelalexius/jones/mocks/NotificationRepository.go:23.2,24.63 2 0
github.com/marvelalexius/jones/mocks/NotificationRepository.go:24.63,26.3 1 0
github.com/marvelalexius/jones/mocks/NotificationRepository.go:26.8,28.3 1 0
github.com/marvelalexius/jones/mocks/NotificationRepository.go:30.2,30.11 1 0
github.com/marvelalexius/jones/mocks/NotificationRepository.go:38.28,42.19 3 0
github.com/marvelalexius/jones/mocks/NotificationRepository.go:42.19,42.49 1 0
github.com/marvelalexius/jones/mocks/NotificationRepository.go:44.2,44.13 1 0
github.com/marvelalexius/jones/model/notification.go:28.64,33.2 1 0
github.com/marvelalexius/jones/model/reaction.go:34.54,41.2 1 1
github.com/marvelalexius/jones/model/user.go:79.53,82.2 2 1
github.com/marvelalexius/jones/model/user.go:84.52,86.16 2 1
github.com/marvelalexius/jones/model/user.go:86.16,88.3 1 0
github.com/marvelalexius/jones/model/user.go:90.2,92.12 2 1
github.com/marvelalexius/jones/model/user.go:95.53,97.31 2 0
github.com/marvelalexius/jones/model/user.go:97.31,104.3 1 0
github.com/marvelalexius/jones/model/user.go:107.45,109.16 2 1
github.com/marvelalexius/jones/model/user.go:109.16,111.3 1 0
github.com/marvelalexius/jones/model/user.go:113.2,124.3 2 1
github.com/marvelalexius/jones/model/user.go:127.44,132.43 3 1
github.com/marvelalexius/jones/model/user.go:132.43,134.3 1 0
github.com/marvelalexius/jones/model/user.go:136.2,136.12 1 1
github.com/marvelalexius/jones/pkg/stripe/stripe.go:26.73,33.2 3 0
github.com/marvelalexius/jones/pkg/stripe/stripe.go:35.113,42.16 3 0
github.com/marvelalexius/jones/pkg/stripe/stripe.go:42.16,46.3 2 0
github.com/marvelalexius/jones/pkg/stripe/stripe.go:48.2,48.20 1 0
github.com/marvelalexius/jones/pkg/stripe/stripe.go:51.134,66.16 3 0
github.com/marvelalexius/jones/pkg/stripe/stripe.go:66.16,70.3 2 0
github.com/marvelalexius/jones/pkg/stripe/stripe.go:72.2,72.21 1 0
github.com/marvelalexius/jones/pkg/stripe/stripe.go:75.129,81.16 3 0
github.com/marvelalexius/jones/pkg/stripe/stripe.go:81.16,85.3 2 0
github.com/marvelalexius/jones/pkg/stripe/stripe.go:87.2,87.21 1 0
github.com/marvelalexius/jones/repository/notification.go:18.69,20.2 1 0
github.com/marvelalexius/jones/repository/notification.go:22.73,24.2 1 0
github.com/marvelalexius/jones/repository/reaction.go:29.61,31.2 1 0
github.com/marvelalexius/jones/repository/reaction.go:33.117,35.16 2 0
github.com/marvelalexius/jones/repository/reaction.go:35.16,39.3 2 0
github.com/marvelalexius/jones/repository/reaction.go:41.2,41.23 1 0
github.com/marvelalexius/jones/repository/reaction.go:44.129,46.49 2 0
github.com/marvelalexius/jones/repository/reaction.go:46.49,50.3 2 0
github.com/marvelalexius/jones/repository/reaction.go:52.2,52.23 1 0
github.com/marvelalexius/jones/repository/reaction.go:55.116,57.49 2 0
github.com/marvelalexius/jones/repository/reaction.go:57.49,61.3 2 0
github.com/marvelalexius/jones/repository/reaction.go:63.2,63.23 1 0
github.com/marvelalexius/jones/repository/reaction.go:66.129,68.49 2 0
github.com/marvelalexius/jones/repository/reaction.go:68.49,72.3 2 0
github.com/marvelalexius/jones/repository/reaction.go:74.2,74.23 1 0
github.com/marvelalexius/jones/repository/reaction.go:77.96,83.16 5 0
github.com/marvelalexius/jones/repository/reaction.go:83.16,87.3 2 0
github.com/marvelalexius/jones/repository/reaction.go:89.2,89.19 1 0
github.com/marvelalexius/jones/repository/reaction.go:92.89,94.2 1 0
github.com/marvelalexius/jones/repository/reaction.go:96.90,98.2 1 0
github.com/marvelalexius/jones/repository/subscription.go:34.69,36.2 1 0
github.com/marvelalexius/jones/repository/subscription.go:38.101,40.2 1 0
github.com/marvelalexius/jones/repository/subscription.go:42.102,44.2 1 0
github.com/marvelalexius/jones/repository/subscription.go:46.104,49.60 2 0
github.com/marvelalexius/jones/repository/subscription.go:49.60,51.3 1 0
github.com/marvelalexius/jones/repository/subscription.go:53.2,53.27 1 0
github.com/marvelalexius/jones/repository/subscription.go:56.101,59.60 2 0
github.com/marvelalexius/jones/repository/subscription.go:59.60,61.3 1 0
github.com/marvelalexius/jones/repository/subscription.go:63.2,63.31 1 0
github.com/marvelalexius/jones/repository/subscription.go:66.119,69.95 2 0
github.com/marvelalexius/jones/repository/subscription.go:69.95,71.3 1 0
github.com/marvelalexius/jones/repository/subscription.go:73.2,73.31 1 0
github.com/marvelalexius/jones/repository/subscription.go:76.109,79.80 2 0
github.com/marvelalexius/jones/repository/subscription.go:79.80,81.3 1 0
github.com/marvelalexius/jones/repository/subscription.go:83.2,83.31 1 0
github.com/marvelalexius/jones/repository/subscription.go:86.93,89.56 2 0
github.com/marvelalexius/jones/repository/subscription.go:89.56,91.3 1 0
github.com/marvelalexius/jones/repository/subscription.go:93.2,93.27 1 0
github.com/marvelalexius/jones/repository/subscription.go:96.112,99.169 2 0
github.com/marvelalexius/jones/repository/subscription.go:99.169,101.3 1 0
github.com/marvelalexius/jones/repository/subscription.go:103.2,103.27 1 0
github.com/marvelalexius/jones/repository/subscription.go:106.122,109.96 2 0
github.com/marvelalexius/jones/repository/subscription.go:109.96,111.3 1 0
github.com/marvelalexius/jones/repository/subscription.go:113.2,113.27 1 0
github.com/marvelalexius/jones/repository/subscription.go:116.143,119.125 2 0
github.com/marvelalexius/jones/repository/subscription.go:119.125,121.3 1 0
github.com/marvelalexius/jones/repository/subscription.go:123.2,123.27 1 0
github.com/marvelalexius/jones/repository/subscription.go:126.90,130.16 2 0
github.com/marvelalexius/jones/repository/subscription.go:130.16,135.3 2 0
github.com/marvelalexius/jones/repository/subscription.go:137.2,137.12 1 0
github.com/marvelalexius/jones/repository/user.go:26.53,28.2 1 0
github.com/marvelalexius/jones/repository/user.go:30.137,33.58 2 0
github.com/marvelalexius/jones/repository/user.go:33.58,34.20 1 0
github.com/marvelalexius/jones/repository/user.go:34.20,36.4 1 0
github.com/marvelalexius/jones/repository/user.go:36.9,38.4 1 0
github.com/marvelalexius/jones/repository/user.go:41.2,42.16 2 0
github.com/marvelalexius/jones/repository/user.go:42.16,46.3 2 0
github.com/marvelalexius/jones/repository/user.go:48.2,51.16 3 0
github.com/marvelalexius/jones/repository/user.go:51.16,55.3 2 0
github.com/marvelalexius/jones/repository/user.go:57.2,57.26 1 0
github.com/marvelalexius/jones/repository/user.go:60.88,63.68 2 0
github.com/marvelalexius/jones/repository/user.go:63.68,65.3 1 0
github.com/marvelalexius/jones/repository/user.go:67.2,67.19 1 0
github.com/marvelalexius/jones/repository/user.go:70.94,73.95 2 0
github.com/marvelalexius/jones/repository/user.go:73.95,75.3 1 0
github.com/marvelalexius/jones/repository/user.go:77.2,77.19 1 0
github.com/marvelalexius/jones/repository/user.go:80.102,83.105 2 0
github.com/marvelalexius/jones/repository/user.go:83.105,85.3 1 0
github.com/marvelalexius/jones/repository/user.go:87.2,87.19 1 0
github.com/marvelalexius/jones/repository/user.go:90.57,91.49 1 0
github.com/marvelalexius/jones/repository/user.go:91.49,93.3 1 0
github.com/marvelalexius/jones/repository/user.go:95.2,95.12 1 0
github.com/marvelalexius/jones/repository/user.go:98.72,99.96 1 0
github.com/marvelalexius/jones/repository/user.go:99.96,101.3 1 0
github.com/marvelalexius/jones/repository/user.go:103.2,103.18 1 0
github.com/marvelalexius/jones/service/reaction.go:31.230,33.2 1 1
github.com/marvelalexius/jones/service/reaction.go:35.105,37.16 2 1
github.com/marvelalexius/jones/service/reaction.go:37.16,41.3 2 0
github.com/marvelalexius/jones/service/reaction.go:43.2,43.25 1 1
github.com/marvelalexius/jones/service/reaction.go:43.25,45.17 2 1
github.com/marvelalexius/jones/service/reaction.go:45.17,49.4 2 0
github.com/marvelalexius/jones/service/reaction.go:51.3,51.18 1 1
github.com/marvelalexius/jones/service/reaction.go:51.18,55.4 2 1
github.com/marvelalexius/jones/service/reaction.go:58.2,59.16 2 1
github.com/marvelalexius/jones/service/reaction.go:59.16,63.3 2 0
github.com/marvelalexius/jones/service/reaction.go:65.2,65.24 1 1
github.com/marvelalexius/jones/service/reaction.go:65.24,69.3 2 1
github.com/marvelalexius/jones/service/reaction.go:71.2,73.16 3 1
github.com/marvelalexius/jones/service/reaction.go:73.16,77.3 2 0
github.com/marvelalexius/jones/service/reaction.go:79.2,79.22 1 1
github.com/marvelalexius/jones/service/reaction.go:79.22,81.17 2 1
github.com/marvelalexius/jones/service/reaction.go:81.17,85.4 2 0
github.com/marvelalexius/jones/service/reaction.go:87.3,87.23 1 1
github.com/marvelalexius/jones/service/reaction.go:90.2,97.16 6 1
github.com/marvelalexius/jones/service/reaction.go:97.16,101.3 2 0
github.com/marvelalexius/jones/service/reaction.go:103.2,104.16 2 1
github.com/marvelalexius/jones/service/reaction.go:104.16,108.3 2 0
github.com/marvelalexius/jones/service/reaction.go:111.2,116.22 3 1
github.com/marvelalexius/jones/service/reaction.go:119.98,121.16 2 1
github.com/marvelalexius/jones/service/reaction.go:121.16,124.36 2 1
github.com/marvelalexius/jones/service/reaction.go:124.36,126.4 1 1
github.com/marvelalexius/jones/service/reaction.go:128.3,128.57 1 0
github.com/marvelalexius/jones/service/reaction.go:131.2,132.16 2 1
github.com/marvelalexius/jones/service/reaction.go:132.16,136.3 2 0
github.com/marvelalexius/jones/service/reaction.go:138.2,138.44 1 1
github.com/marvelalexius/jones/service/reaction.go:138.44,140.3 1 1
github.com/marvelalexius/jones/service/reaction.go:142.2,143.16 2 1
github.com/marvelalexius/jones/service/reaction.go:143.16,147.3 2 0
github.com/marvelalexius/jones/service/reaction.go:149.2,149.23 1 1
github.com/marvelalexius/jones/service/reaction.go:152.74,160.16 3 1
github.com/marvelalexius/jones/service/reaction.go:160.16,162.3 1 0
github.com/marvelalexius/jones/service/reaction.go:164.2,173.16 3 1
github.com/marvelalexius/jones/service/reaction.go:173.16,175.3 1 0
github.com/marvelalexius/jones/service/subscription.go:38.199,40.2 1 1
github.com/marvelalexius/jones/service/subscription.go:42.124,44.16 2 1
github.com/marvelalexius/jones/service/subscription.go:44.16,48.3 2 1
github.com/marvelalexius/jones/service/subscription.go:50.2,50.33 1 1
github.com/marvelalexius/jones/service/subscription.go:50.33,52.17 2 1
github.com/marvelalexius/jones/service/subscription.go:52.17,56.4 2 0
github.com/marvelalexius/jones/service/subscription.go:58.3,60.17 3 1
github.com/marvelalexius/jones/service/subscription.go:60.17,64.4 2 0
github.com/marvelalexius/jones/service/subscription.go:67.2,68.16 2 1
github.com/marvelalexius/jones/service/subscription.go:68.16,72.3 2 0
github.com/marvelalexius/jones/service/subscription.go:74.2,75.16 2 1
github.com/marvelalexius/jones/service/subscription.go:75.16,79.3 2 0
github.com/marvelalexius/jones/service/subscription.go:81.2,81.33 1 1
github.com/marvelalexius/jones/service/subscription.go:84.98,86.16 2 1
github.com/marvelalexius/jones/service/subscription.go:86.16,90.3 2 0
github.com/marvelalexius/jones/service/subscription.go:92.2,92.33 1 1
github.com/marvelalexius/jones/service/subscription.go:92.33,94.3 1 1
github.com/marvelalexius/jones/service/subscription.go:96.2,97.16 2 1
github.com/marvelalexius/jones/service/subscription.go:97.16,101.3 2 0
github.com/marvelalexius/jones/service/subscription.go:103.2,103.38 1 1
github.com/marvelalexius/jones/service/subscription.go:106.101,108.33 2 1
github.com/marvelalexius/jones/service/subscription.go:108.33,110.3 1 0
github.com/marvelalexius/jones/service/subscription.go:112.2,113.16 2 1
github.com/marvelalexius/jones/service/subscription.go:113.16,117.3 2 0
github.com/marvelalexius/jones/service/subscription.go:119.2,120.49 2 1
github.com/marvelalexius/jones/service/subscription.go:120.49,124.3 2 0
github.com/marvelalexius/jones/service/subscription.go:126.2,127.16 2 1
github.com/marvelalexius/jones/service/subscription.go:127.16,131.3 2 0
github.com/marvelalexius/jones/service/subscription.go:133.2,133.25 1 1
github.com/marvelalexius/jones/service/subscription.go:133.25,134.105 1 0
github.com/marvelalexius/jones/service/subscription.go:134.105,138.18 3 0
github.com/marvelalexius/jones/service/subscription.go:138.18,142.5 2 0
github.com/marvelalexius/jones/service/subscription.go:144.4,144.14 1 0
github.com/marvelalexius/jones/service/subscription.go:145.9,150.18 4 0
github.com/marvelalexius/jones/service/subscription.go:150.18,154.5 2 0
github.com/marvelalexius/jones/service/subscription.go:158.2,170.16 5 1
github.com/marvelalexius/jones/service/subscription.go:170.16,174.3 2 0
github.com/marvelalexius/jones/service/subscription.go:176.2,176.12 1 1
github.com/marvelalexius/jones/service/subscription.go:179.107,181.16 2 1
github.com/marvelalexius/jones/service/subscription.go:181.16,185.3 2 1
github.com/marvelalexius/jones/service/subscription.go:187.2,188.49 2 1
github.com/marvelalexius/jones/service/subscription.go:188.49,192.3 2 0
github.com/marvelalexius/jones/service/subscription.go:194.2,194.25 1 1
github.com/marvelalexius/jones/service/subscription.go:194.26,196.3 0 1
github.com/marvelalexius/jones/service/subscription.go:200.2,200.12 1 1
github.com/marvelalexius/jones/service/subscription.go:203.125,207.16 3 1
github.com/marvelalexius/jones/service/subscription.go:207.16,211.3 2 0
github.com/marvelalexius/jones/service/subscription.go:213.2,214.16 2 1
github.com/marvelalexius/jones/service/subscription.go:214.16,218.3 2 0
github.com/marvelalexius/jones/service/subscription.go:220.2,221.16 2 1
github.com/marvelalexius/jones/service/subscription.go:221.16,225.3 2 0
github.com/marvelalexius/jones/service/subscription.go:227.2,227.40 1 1
github.com/marvelalexius/jones/service/subscription.go:227.40,230.3 2 1
github.com/marvelalexius/jones/service/subscription.go:230.8,232.3 1 1
github.com/marvelalexius/jones/service/subscription.go:234.2,238.16 4 1
github.com/marvelalexius/jones/service/subscription.go:238.16,242.3 2 0
github.com/marvelalexius/jones/service/subscription.go:246.2,247.12 2 1
github.com/marvelalexius/jones/service/subscription.go:250.125,252.16 2 0
github.com/marvelalexius/jones/service/subscription.go:252.16,256.3 2 0
github.com/marvelalexius/jones/service/subscription.go:258.2,259.16 2 0
github.com/marvelalexius/jones/service/subscription.go:259.16,263.3 2 0
github.com/marvelalexius/jones/service/subscription.go:265.2,269.16 4 0
github.com/marvelalexius/jones/service/subscription.go:269.16,273.3 2 0
github.com/marvelalexius/jones/service/subscription.go:277.2,278.12 2 0
github.com/marvelalexius/jones/service/user.go:35.139,37.2 1 1
github.com/marvelalexius/jones/service/user.go:39.92,43.16 3 1
github.com/marvelalexius/jones/service/user.go:43.16,47.3 2 1
github.com/marvelalexius/jones/service/user.go:49.2,50.16 2 1
github.com/marvelalexius/jones/service/user.go:50.16,54.3 2 1
github.com/marvelalexius/jones/service/user.go:56.2,56.18 1 1
github.com/marvelalexius/jones/service/user.go:59.99,63.49 3 1
github.com/marvelalexius/jones/service/user.go:63.49,67.3 2 0
github.com/marvelalexius/jones/service/user.go:69.2,69.23 1 1
github.com/marvelalexius/jones/service/user.go:69.23,71.3 1 1
github.com/marvelalexius/jones/service/user.go:73.2,76.56 3 1
github.com/marvelalexius/jones/service/user.go:76.56,80.3 2 0
github.com/marvelalexius/jones/service/user.go:82.2,82.26 1 1
github.com/marvelalexius/jones/service/user.go:82.26,84.3 1 0
github.com/marvelalexius/jones/service/user.go:86.2,86.48 1 1
github.com/marvelalexius/jones/service/user.go:86.48,90.3 2 0
github.com/marvelalexius/jones/service/user.go:92.2,94.18 2 1
github.com/marvelalexius/jones/service/user.go:97.106,99.16 2 1
github.com/marvelalexius/jones/service/user.go:99.16,103.3 2 1
github.com/marvelalexius/jones/service/user.go:105.2,106.16 2 1
github.com/marvelalexius/jones/service/user.go:106.16,110.3 2 0
github.com/marvelalexius/jones/service/user.go:112.2,113.16 2 1
github.com/marvelalexius/jones/service/user.go:113.16,117.3 2 0
github.com/marvelalexius/jones/service/user.go:119.2,119.33 1 1
github.com/marvelalexius/jones/service/user.go:122.112,124.16 2 1
github.com/marvelalexius/jones/service/user.go:124.16,128.3 2 1
github.com/marvelalexius/jones/service/user.go:130.2,131.16 2 1
github.com/marvelalexius/jones/service/user.go:131.16,135.3 2 0
github.com/marvelalexius/jones/service/user.go:137.2,138.36 2 1
github.com/marvelalexius/jones/service/user.go:138.36,140.3 1 1
github.com/marvelalexius/jones/service/user.go:142.2,143.16 2 1
github.com/marvelalexius/jones/service/user.go:143.16,147.3 2 0
github.com/marvelalexius/jones/service/user.go:149.2,149.26 1 1
github.com/marvelalexius/jones/service/user.go:152.84,154.16 2 1
github.com/marvelalexius/jones/service/user.go:154.16,156.3 1 0
github.com/marvelalexius/jones/service/user.go:158.2,159.16 2 1
github.com/marvelalexius/jones/service/user.go:159.16,161.3 1 0
github.com/marvelalexius/jones/service/user.go:163.2,163.33 1 1
github.com/marvelalexius/jones/utils/logger/logger.go:9.55,11.2 1 0
github.com/marvelalexius/jones/utils/logger/logger.go:13.56,15.2 1 1
github.com/marvelalexius/jones/utils/logger/logger.go:17.56,19.2 1 0
github.com/marvelalexius/jones/utils/logger/logger.go:21.58,23.2 1 0
github.com/marvelalexius/jones/utils/str/converter.go:5.37,9.2 2 0
github.com/marvelalexius/jones/utils/str/str.go:5.49,33.2 4 0
github.com/marvelalexius/jones/utils/str/token.go:14.84,24.16 4 1
github.com/marvelalexius/jones/utils/str/token.go:24.16,26.3 1 0
github.com/marvelalexius/jones/utils/str/token.go:28.2,28.25 1 1
github.com/marvelalexius/jones/utils/str/token.go:31.64,32.107 1 1
github.com/marvelalexius/jones/utils/str/token.go:32.107,34.3 1 1
github.com/marvelalexius/jones/utils/str/token.go:35.2,35.16 1 1
github.com/marvelalexius/jones/utils/str/token.go:35.16,37.3 1 1
github.com/marvelalexius/jones/utils/str/token.go:39.2,39.76 1 1
github.com/marvelalexius/jones/utils/str/token.go:39.76,41.3 1 1
github.com/marvelalexius/jones/utils/str/token.go:43.2,43.17 1 0
